[2025-11-13T02:19:21.596+0000] {processor.py:161} INFO - Started process (PID=197) to work on /opt/airflow/dags/fraud_training_dag.py
[2025-11-13T02:19:21.597+0000] {processor.py:830} INFO - Processing file /opt/airflow/dags/fraud_training_dag.py for tasks to queue
[2025-11-13T02:19:21.597+0000] {logging_mixin.py:188} INFO - [2025-11-13T02:19:21.597+0000] {dagbag.py:538} INFO - Filling up the DagBag from /opt/airflow/dags/fraud_training_dag.py
[2025-11-13T02:19:21.604+0000] {processor.py:840} INFO - DAG(s) 'fraud_model_training' retrieved from /opt/airflow/dags/fraud_training_dag.py
[2025-11-13T02:19:21.666+0000] {logging_mixin.py:188} INFO - [2025-11-13T02:19:21.666+0000] {override.py:1769} INFO - Created Permission View: can delete on DAG:fraud_model_training
[2025-11-13T02:19:21.671+0000] {logging_mixin.py:188} INFO - [2025-11-13T02:19:21.671+0000] {override.py:1769} INFO - Created Permission View: can edit on DAG:fraud_model_training
[2025-11-13T02:19:21.674+0000] {logging_mixin.py:188} INFO - [2025-11-13T02:19:21.674+0000] {override.py:1769} INFO - Created Permission View: can read on DAG:fraud_model_training
[2025-11-13T02:19:21.674+0000] {logging_mixin.py:188} INFO - [2025-11-13T02:19:21.674+0000] {dag.py:3033} INFO - Sync 1 DAGs
[2025-11-13T02:19:21.679+0000] {logging_mixin.py:188} INFO - [2025-11-13T02:19:21.679+0000] {dag.py:3055} INFO - Creating ORM DAG for fraud_model_training
[2025-11-13T02:19:21.680+0000] {logging_mixin.py:188} INFO - [2025-11-13T02:19:21.680+0000] {dag.py:3820} INFO - Setting next_dagrun for fraud_model_training to None, run_after=None
[2025-11-13T02:19:21.687+0000] {processor.py:183} INFO - Processing /opt/airflow/dags/fraud_training_dag.py took 0.093 seconds
[2025-11-13T02:19:51.760+0000] {processor.py:161} INFO - Started process (PID=205) to work on /opt/airflow/dags/fraud_training_dag.py
[2025-11-13T02:19:51.761+0000] {processor.py:830} INFO - Processing file /opt/airflow/dags/fraud_training_dag.py for tasks to queue
[2025-11-13T02:19:51.761+0000] {logging_mixin.py:188} INFO - [2025-11-13T02:19:51.761+0000] {dagbag.py:538} INFO - Filling up the DagBag from /opt/airflow/dags/fraud_training_dag.py
[2025-11-13T02:19:51.768+0000] {processor.py:840} INFO - DAG(s) 'fraud_model_training' retrieved from /opt/airflow/dags/fraud_training_dag.py
[2025-11-13T02:19:51.780+0000] {logging_mixin.py:188} INFO - [2025-11-13T02:19:51.780+0000] {dag.py:3033} INFO - Sync 1 DAGs
[2025-11-13T02:19:51.785+0000] {logging_mixin.py:188} INFO - [2025-11-13T02:19:51.785+0000] {dag.py:3820} INFO - Setting next_dagrun for fraud_model_training to None, run_after=None
[2025-11-13T02:19:51.796+0000] {processor.py:183} INFO - Processing /opt/airflow/dags/fraud_training_dag.py took 0.038 seconds
[2025-11-13T02:20:21.925+0000] {processor.py:161} INFO - Started process (PID=213) to work on /opt/airflow/dags/fraud_training_dag.py
[2025-11-13T02:20:21.925+0000] {processor.py:830} INFO - Processing file /opt/airflow/dags/fraud_training_dag.py for tasks to queue
[2025-11-13T02:20:21.926+0000] {logging_mixin.py:188} INFO - [2025-11-13T02:20:21.926+0000] {dagbag.py:538} INFO - Filling up the DagBag from /opt/airflow/dags/fraud_training_dag.py
[2025-11-13T02:20:21.934+0000] {processor.py:840} INFO - DAG(s) 'fraud_model_training' retrieved from /opt/airflow/dags/fraud_training_dag.py
[2025-11-13T02:20:21.948+0000] {logging_mixin.py:188} INFO - [2025-11-13T02:20:21.948+0000] {dag.py:3033} INFO - Sync 1 DAGs
[2025-11-13T02:20:21.955+0000] {logging_mixin.py:188} INFO - [2025-11-13T02:20:21.955+0000] {dag.py:3820} INFO - Setting next_dagrun for fraud_model_training to None, run_after=None
[2025-11-13T02:20:21.966+0000] {processor.py:183} INFO - Processing /opt/airflow/dags/fraud_training_dag.py took 0.043 seconds
[2025-11-13T02:20:52.092+0000] {processor.py:161} INFO - Started process (PID=221) to work on /opt/airflow/dags/fraud_training_dag.py
[2025-11-13T02:20:52.093+0000] {processor.py:830} INFO - Processing file /opt/airflow/dags/fraud_training_dag.py for tasks to queue
[2025-11-13T02:20:52.093+0000] {logging_mixin.py:188} INFO - [2025-11-13T02:20:52.093+0000] {dagbag.py:538} INFO - Filling up the DagBag from /opt/airflow/dags/fraud_training_dag.py
[2025-11-13T02:20:52.099+0000] {processor.py:840} INFO - DAG(s) 'fraud_model_training' retrieved from /opt/airflow/dags/fraud_training_dag.py
[2025-11-13T02:20:52.112+0000] {logging_mixin.py:188} INFO - [2025-11-13T02:20:52.112+0000] {dag.py:3033} INFO - Sync 1 DAGs
[2025-11-13T02:20:52.117+0000] {logging_mixin.py:188} INFO - [2025-11-13T02:20:52.117+0000] {dag.py:3820} INFO - Setting next_dagrun for fraud_model_training to None, run_after=None
[2025-11-13T02:20:52.128+0000] {processor.py:183} INFO - Processing /opt/airflow/dags/fraud_training_dag.py took 0.038 seconds
[2025-11-13T02:21:22.262+0000] {processor.py:161} INFO - Started process (PID=229) to work on /opt/airflow/dags/fraud_training_dag.py
[2025-11-13T02:21:22.263+0000] {processor.py:830} INFO - Processing file /opt/airflow/dags/fraud_training_dag.py for tasks to queue
[2025-11-13T02:21:22.264+0000] {logging_mixin.py:188} INFO - [2025-11-13T02:21:22.264+0000] {dagbag.py:538} INFO - Filling up the DagBag from /opt/airflow/dags/fraud_training_dag.py
[2025-11-13T02:21:22.271+0000] {processor.py:840} INFO - DAG(s) 'fraud_model_training' retrieved from /opt/airflow/dags/fraud_training_dag.py
[2025-11-13T02:21:22.285+0000] {logging_mixin.py:188} INFO - [2025-11-13T02:21:22.285+0000] {dag.py:3033} INFO - Sync 1 DAGs
[2025-11-13T02:21:22.291+0000] {logging_mixin.py:188} INFO - [2025-11-13T02:21:22.291+0000] {dag.py:3820} INFO - Setting next_dagrun for fraud_model_training to None, run_after=None
[2025-11-13T02:21:22.304+0000] {processor.py:183} INFO - Processing /opt/airflow/dags/fraud_training_dag.py took 0.043 seconds
[2025-11-13T02:21:52.431+0000] {processor.py:161} INFO - Started process (PID=237) to work on /opt/airflow/dags/fraud_training_dag.py
[2025-11-13T02:21:52.431+0000] {processor.py:830} INFO - Processing file /opt/airflow/dags/fraud_training_dag.py for tasks to queue
[2025-11-13T02:21:52.432+0000] {logging_mixin.py:188} INFO - [2025-11-13T02:21:52.432+0000] {dagbag.py:538} INFO - Filling up the DagBag from /opt/airflow/dags/fraud_training_dag.py
[2025-11-13T02:21:52.438+0000] {processor.py:840} INFO - DAG(s) 'fraud_model_training' retrieved from /opt/airflow/dags/fraud_training_dag.py
[2025-11-13T02:21:52.450+0000] {logging_mixin.py:188} INFO - [2025-11-13T02:21:52.450+0000] {dag.py:3033} INFO - Sync 1 DAGs
[2025-11-13T02:21:52.456+0000] {logging_mixin.py:188} INFO - [2025-11-13T02:21:52.456+0000] {dag.py:3820} INFO - Setting next_dagrun for fraud_model_training to None, run_after=None
[2025-11-13T02:21:52.466+0000] {processor.py:183} INFO - Processing /opt/airflow/dags/fraud_training_dag.py took 0.037 seconds
[2025-11-13T02:22:22.597+0000] {processor.py:161} INFO - Started process (PID=245) to work on /opt/airflow/dags/fraud_training_dag.py
[2025-11-13T02:22:22.597+0000] {processor.py:830} INFO - Processing file /opt/airflow/dags/fraud_training_dag.py for tasks to queue
[2025-11-13T02:22:22.598+0000] {logging_mixin.py:188} INFO - [2025-11-13T02:22:22.597+0000] {dagbag.py:538} INFO - Filling up the DagBag from /opt/airflow/dags/fraud_training_dag.py
[2025-11-13T02:22:22.604+0000] {processor.py:840} INFO - DAG(s) 'fraud_model_training' retrieved from /opt/airflow/dags/fraud_training_dag.py
[2025-11-13T02:22:22.616+0000] {logging_mixin.py:188} INFO - [2025-11-13T02:22:22.616+0000] {dag.py:3033} INFO - Sync 1 DAGs
[2025-11-13T02:22:22.622+0000] {logging_mixin.py:188} INFO - [2025-11-13T02:22:22.622+0000] {dag.py:3820} INFO - Setting next_dagrun for fraud_model_training to None, run_after=None
[2025-11-13T02:22:22.633+0000] {processor.py:183} INFO - Processing /opt/airflow/dags/fraud_training_dag.py took 0.038 seconds
[2025-11-13T02:22:52.764+0000] {processor.py:161} INFO - Started process (PID=253) to work on /opt/airflow/dags/fraud_training_dag.py
[2025-11-13T02:22:52.764+0000] {processor.py:830} INFO - Processing file /opt/airflow/dags/fraud_training_dag.py for tasks to queue
[2025-11-13T02:22:52.765+0000] {logging_mixin.py:188} INFO - [2025-11-13T02:22:52.765+0000] {dagbag.py:538} INFO - Filling up the DagBag from /opt/airflow/dags/fraud_training_dag.py
[2025-11-13T02:22:52.770+0000] {processor.py:840} INFO - DAG(s) 'fraud_model_training' retrieved from /opt/airflow/dags/fraud_training_dag.py
[2025-11-13T02:22:52.782+0000] {logging_mixin.py:188} INFO - [2025-11-13T02:22:52.782+0000] {dag.py:3033} INFO - Sync 1 DAGs
[2025-11-13T02:22:52.788+0000] {logging_mixin.py:188} INFO - [2025-11-13T02:22:52.788+0000] {dag.py:3820} INFO - Setting next_dagrun for fraud_model_training to None, run_after=None
[2025-11-13T02:22:52.798+0000] {processor.py:183} INFO - Processing /opt/airflow/dags/fraud_training_dag.py took 0.036 seconds
[2025-11-13T02:23:22.933+0000] {processor.py:161} INFO - Started process (PID=261) to work on /opt/airflow/dags/fraud_training_dag.py
[2025-11-13T02:23:22.933+0000] {processor.py:830} INFO - Processing file /opt/airflow/dags/fraud_training_dag.py for tasks to queue
[2025-11-13T02:23:22.933+0000] {logging_mixin.py:188} INFO - [2025-11-13T02:23:22.933+0000] {dagbag.py:538} INFO - Filling up the DagBag from /opt/airflow/dags/fraud_training_dag.py
[2025-11-13T02:23:22.941+0000] {processor.py:840} INFO - DAG(s) 'fraud_model_training' retrieved from /opt/airflow/dags/fraud_training_dag.py
[2025-11-13T02:23:22.955+0000] {logging_mixin.py:188} INFO - [2025-11-13T02:23:22.955+0000] {dag.py:3033} INFO - Sync 1 DAGs
[2025-11-13T02:23:22.961+0000] {logging_mixin.py:188} INFO - [2025-11-13T02:23:22.960+0000] {dag.py:3820} INFO - Setting next_dagrun for fraud_model_training to None, run_after=None
[2025-11-13T02:23:22.971+0000] {processor.py:183} INFO - Processing /opt/airflow/dags/fraud_training_dag.py took 0.040 seconds
[2025-11-13T02:23:53.099+0000] {processor.py:161} INFO - Started process (PID=269) to work on /opt/airflow/dags/fraud_training_dag.py
[2025-11-13T02:23:53.100+0000] {processor.py:830} INFO - Processing file /opt/airflow/dags/fraud_training_dag.py for tasks to queue
[2025-11-13T02:23:53.100+0000] {logging_mixin.py:188} INFO - [2025-11-13T02:23:53.100+0000] {dagbag.py:538} INFO - Filling up the DagBag from /opt/airflow/dags/fraud_training_dag.py
[2025-11-13T02:23:53.107+0000] {processor.py:840} INFO - DAG(s) 'fraud_model_training' retrieved from /opt/airflow/dags/fraud_training_dag.py
[2025-11-13T02:23:53.118+0000] {logging_mixin.py:188} INFO - [2025-11-13T02:23:53.118+0000] {dag.py:3033} INFO - Sync 1 DAGs
[2025-11-13T02:23:53.125+0000] {logging_mixin.py:188} INFO - [2025-11-13T02:23:53.124+0000] {dag.py:3820} INFO - Setting next_dagrun for fraud_model_training to None, run_after=None
[2025-11-13T02:23:53.135+0000] {processor.py:183} INFO - Processing /opt/airflow/dags/fraud_training_dag.py took 0.037 seconds
[2025-11-13T02:24:23.266+0000] {processor.py:161} INFO - Started process (PID=277) to work on /opt/airflow/dags/fraud_training_dag.py
[2025-11-13T02:24:23.267+0000] {processor.py:830} INFO - Processing file /opt/airflow/dags/fraud_training_dag.py for tasks to queue
[2025-11-13T02:24:23.267+0000] {logging_mixin.py:188} INFO - [2025-11-13T02:24:23.267+0000] {dagbag.py:538} INFO - Filling up the DagBag from /opt/airflow/dags/fraud_training_dag.py
[2025-11-13T02:24:23.273+0000] {processor.py:840} INFO - DAG(s) 'fraud_model_training' retrieved from /opt/airflow/dags/fraud_training_dag.py
[2025-11-13T02:24:23.284+0000] {logging_mixin.py:188} INFO - [2025-11-13T02:24:23.283+0000] {dag.py:3033} INFO - Sync 1 DAGs
[2025-11-13T02:24:23.291+0000] {logging_mixin.py:188} INFO - [2025-11-13T02:24:23.291+0000] {dag.py:3820} INFO - Setting next_dagrun for fraud_model_training to None, run_after=None
[2025-11-13T02:24:23.302+0000] {processor.py:183} INFO - Processing /opt/airflow/dags/fraud_training_dag.py took 0.037 seconds
[2025-11-13T02:24:53.435+0000] {processor.py:161} INFO - Started process (PID=285) to work on /opt/airflow/dags/fraud_training_dag.py
[2025-11-13T02:24:53.435+0000] {processor.py:830} INFO - Processing file /opt/airflow/dags/fraud_training_dag.py for tasks to queue
[2025-11-13T02:24:53.436+0000] {logging_mixin.py:188} INFO - [2025-11-13T02:24:53.436+0000] {dagbag.py:538} INFO - Filling up the DagBag from /opt/airflow/dags/fraud_training_dag.py
[2025-11-13T02:24:53.443+0000] {processor.py:840} INFO - DAG(s) 'fraud_model_training' retrieved from /opt/airflow/dags/fraud_training_dag.py
[2025-11-13T02:24:53.453+0000] {logging_mixin.py:188} INFO - [2025-11-13T02:24:53.453+0000] {dag.py:3033} INFO - Sync 1 DAGs
[2025-11-13T02:24:53.459+0000] {logging_mixin.py:188} INFO - [2025-11-13T02:24:53.459+0000] {dag.py:3820} INFO - Setting next_dagrun for fraud_model_training to None, run_after=None
[2025-11-13T02:24:53.470+0000] {processor.py:183} INFO - Processing /opt/airflow/dags/fraud_training_dag.py took 0.037 seconds
[2025-11-13T02:25:23.607+0000] {processor.py:161} INFO - Started process (PID=293) to work on /opt/airflow/dags/fraud_training_dag.py
[2025-11-13T02:25:23.607+0000] {processor.py:830} INFO - Processing file /opt/airflow/dags/fraud_training_dag.py for tasks to queue
[2025-11-13T02:25:23.608+0000] {logging_mixin.py:188} INFO - [2025-11-13T02:25:23.608+0000] {dagbag.py:538} INFO - Filling up the DagBag from /opt/airflow/dags/fraud_training_dag.py
[2025-11-13T02:25:23.616+0000] {processor.py:840} INFO - DAG(s) 'fraud_model_training' retrieved from /opt/airflow/dags/fraud_training_dag.py
[2025-11-13T02:25:23.627+0000] {logging_mixin.py:188} INFO - [2025-11-13T02:25:23.626+0000] {dag.py:3033} INFO - Sync 1 DAGs
[2025-11-13T02:25:23.632+0000] {logging_mixin.py:188} INFO - [2025-11-13T02:25:23.632+0000] {dag.py:3820} INFO - Setting next_dagrun for fraud_model_training to None, run_after=None
[2025-11-13T02:25:23.643+0000] {processor.py:183} INFO - Processing /opt/airflow/dags/fraud_training_dag.py took 0.038 seconds
[2025-11-13T02:25:53.783+0000] {processor.py:161} INFO - Started process (PID=301) to work on /opt/airflow/dags/fraud_training_dag.py
[2025-11-13T02:25:53.783+0000] {processor.py:830} INFO - Processing file /opt/airflow/dags/fraud_training_dag.py for tasks to queue
[2025-11-13T02:25:53.784+0000] {logging_mixin.py:188} INFO - [2025-11-13T02:25:53.784+0000] {dagbag.py:538} INFO - Filling up the DagBag from /opt/airflow/dags/fraud_training_dag.py
[2025-11-13T02:25:53.790+0000] {processor.py:840} INFO - DAG(s) 'fraud_model_training' retrieved from /opt/airflow/dags/fraud_training_dag.py
[2025-11-13T02:25:53.807+0000] {logging_mixin.py:188} INFO - [2025-11-13T02:25:53.807+0000] {dag.py:3033} INFO - Sync 1 DAGs
[2025-11-13T02:25:53.812+0000] {logging_mixin.py:188} INFO - [2025-11-13T02:25:53.811+0000] {dag.py:3820} INFO - Setting next_dagrun for fraud_model_training to None, run_after=None
[2025-11-13T02:25:53.821+0000] {processor.py:183} INFO - Processing /opt/airflow/dags/fraud_training_dag.py took 0.041 seconds
[2025-11-13T02:26:23.947+0000] {processor.py:161} INFO - Started process (PID=309) to work on /opt/airflow/dags/fraud_training_dag.py
[2025-11-13T02:26:23.947+0000] {processor.py:830} INFO - Processing file /opt/airflow/dags/fraud_training_dag.py for tasks to queue
[2025-11-13T02:26:23.948+0000] {logging_mixin.py:188} INFO - [2025-11-13T02:26:23.948+0000] {dagbag.py:538} INFO - Filling up the DagBag from /opt/airflow/dags/fraud_training_dag.py
[2025-11-13T02:26:23.954+0000] {processor.py:840} INFO - DAG(s) 'fraud_model_training' retrieved from /opt/airflow/dags/fraud_training_dag.py
[2025-11-13T02:26:23.967+0000] {logging_mixin.py:188} INFO - [2025-11-13T02:26:23.967+0000] {dag.py:3033} INFO - Sync 1 DAGs
[2025-11-13T02:26:23.972+0000] {logging_mixin.py:188} INFO - [2025-11-13T02:26:23.972+0000] {dag.py:3820} INFO - Setting next_dagrun for fraud_model_training to None, run_after=None
[2025-11-13T02:26:23.983+0000] {processor.py:183} INFO - Processing /opt/airflow/dags/fraud_training_dag.py took 0.039 seconds
[2025-11-13T02:26:54.113+0000] {processor.py:161} INFO - Started process (PID=317) to work on /opt/airflow/dags/fraud_training_dag.py
[2025-11-13T02:26:54.113+0000] {processor.py:830} INFO - Processing file /opt/airflow/dags/fraud_training_dag.py for tasks to queue
[2025-11-13T02:26:54.113+0000] {logging_mixin.py:188} INFO - [2025-11-13T02:26:54.113+0000] {dagbag.py:538} INFO - Filling up the DagBag from /opt/airflow/dags/fraud_training_dag.py
[2025-11-13T02:26:54.120+0000] {processor.py:840} INFO - DAG(s) 'fraud_model_training' retrieved from /opt/airflow/dags/fraud_training_dag.py
[2025-11-13T02:26:54.132+0000] {logging_mixin.py:188} INFO - [2025-11-13T02:26:54.132+0000] {dag.py:3033} INFO - Sync 1 DAGs
[2025-11-13T02:26:54.137+0000] {logging_mixin.py:188} INFO - [2025-11-13T02:26:54.137+0000] {dag.py:3820} INFO - Setting next_dagrun for fraud_model_training to None, run_after=None
[2025-11-13T02:26:54.148+0000] {processor.py:183} INFO - Processing /opt/airflow/dags/fraud_training_dag.py took 0.037 seconds
[2025-11-13T02:27:24.289+0000] {processor.py:161} INFO - Started process (PID=325) to work on /opt/airflow/dags/fraud_training_dag.py
[2025-11-13T02:27:24.289+0000] {processor.py:830} INFO - Processing file /opt/airflow/dags/fraud_training_dag.py for tasks to queue
[2025-11-13T02:27:24.290+0000] {logging_mixin.py:188} INFO - [2025-11-13T02:27:24.290+0000] {dagbag.py:538} INFO - Filling up the DagBag from /opt/airflow/dags/fraud_training_dag.py
[2025-11-13T02:27:24.295+0000] {processor.py:840} INFO - DAG(s) 'fraud_model_training' retrieved from /opt/airflow/dags/fraud_training_dag.py
[2025-11-13T02:27:24.306+0000] {logging_mixin.py:188} INFO - [2025-11-13T02:27:24.306+0000] {dag.py:3033} INFO - Sync 1 DAGs
[2025-11-13T02:27:24.311+0000] {logging_mixin.py:188} INFO - [2025-11-13T02:27:24.311+0000] {dag.py:3820} INFO - Setting next_dagrun for fraud_model_training to None, run_after=None
[2025-11-13T02:27:24.320+0000] {processor.py:183} INFO - Processing /opt/airflow/dags/fraud_training_dag.py took 0.033 seconds
[2025-11-13T02:27:54.463+0000] {processor.py:161} INFO - Started process (PID=333) to work on /opt/airflow/dags/fraud_training_dag.py
[2025-11-13T02:27:54.464+0000] {processor.py:830} INFO - Processing file /opt/airflow/dags/fraud_training_dag.py for tasks to queue
[2025-11-13T02:27:54.464+0000] {logging_mixin.py:188} INFO - [2025-11-13T02:27:54.464+0000] {dagbag.py:538} INFO - Filling up the DagBag from /opt/airflow/dags/fraud_training_dag.py
[2025-11-13T02:27:54.471+0000] {processor.py:840} INFO - DAG(s) 'fraud_model_training' retrieved from /opt/airflow/dags/fraud_training_dag.py
[2025-11-13T02:27:54.483+0000] {logging_mixin.py:188} INFO - [2025-11-13T02:27:54.483+0000] {dag.py:3033} INFO - Sync 1 DAGs
[2025-11-13T02:27:54.489+0000] {logging_mixin.py:188} INFO - [2025-11-13T02:27:54.489+0000] {dag.py:3820} INFO - Setting next_dagrun for fraud_model_training to None, run_after=None
[2025-11-13T02:27:54.501+0000] {processor.py:183} INFO - Processing /opt/airflow/dags/fraud_training_dag.py took 0.039 seconds
[2025-11-13T02:28:24.636+0000] {processor.py:161} INFO - Started process (PID=341) to work on /opt/airflow/dags/fraud_training_dag.py
[2025-11-13T02:28:24.637+0000] {processor.py:830} INFO - Processing file /opt/airflow/dags/fraud_training_dag.py for tasks to queue
[2025-11-13T02:28:24.637+0000] {logging_mixin.py:188} INFO - [2025-11-13T02:28:24.637+0000] {dagbag.py:538} INFO - Filling up the DagBag from /opt/airflow/dags/fraud_training_dag.py
[2025-11-13T02:28:24.645+0000] {processor.py:840} INFO - DAG(s) 'fraud_model_training' retrieved from /opt/airflow/dags/fraud_training_dag.py
[2025-11-13T02:28:24.657+0000] {logging_mixin.py:188} INFO - [2025-11-13T02:28:24.657+0000] {dag.py:3033} INFO - Sync 1 DAGs
[2025-11-13T02:28:24.662+0000] {logging_mixin.py:188} INFO - [2025-11-13T02:28:24.662+0000] {dag.py:3820} INFO - Setting next_dagrun for fraud_model_training to None, run_after=None
[2025-11-13T02:28:24.673+0000] {processor.py:183} INFO - Processing /opt/airflow/dags/fraud_training_dag.py took 0.039 seconds
[2025-11-13T02:28:54.810+0000] {processor.py:161} INFO - Started process (PID=349) to work on /opt/airflow/dags/fraud_training_dag.py
[2025-11-13T02:28:54.811+0000] {processor.py:830} INFO - Processing file /opt/airflow/dags/fraud_training_dag.py for tasks to queue
[2025-11-13T02:28:54.812+0000] {logging_mixin.py:188} INFO - [2025-11-13T02:28:54.812+0000] {dagbag.py:538} INFO - Filling up the DagBag from /opt/airflow/dags/fraud_training_dag.py
[2025-11-13T02:28:54.819+0000] {processor.py:840} INFO - DAG(s) 'fraud_model_training' retrieved from /opt/airflow/dags/fraud_training_dag.py
[2025-11-13T02:28:54.832+0000] {logging_mixin.py:188} INFO - [2025-11-13T02:28:54.831+0000] {dag.py:3033} INFO - Sync 1 DAGs
[2025-11-13T02:28:54.836+0000] {logging_mixin.py:188} INFO - [2025-11-13T02:28:54.836+0000] {dag.py:3820} INFO - Setting next_dagrun for fraud_model_training to None, run_after=None
[2025-11-13T02:28:54.849+0000] {processor.py:183} INFO - Processing /opt/airflow/dags/fraud_training_dag.py took 0.041 seconds
[2025-11-13T02:29:25.001+0000] {processor.py:161} INFO - Started process (PID=357) to work on /opt/airflow/dags/fraud_training_dag.py
[2025-11-13T02:29:25.002+0000] {processor.py:830} INFO - Processing file /opt/airflow/dags/fraud_training_dag.py for tasks to queue
[2025-11-13T02:29:25.003+0000] {logging_mixin.py:188} INFO - [2025-11-13T02:29:25.002+0000] {dagbag.py:538} INFO - Filling up the DagBag from /opt/airflow/dags/fraud_training_dag.py
[2025-11-13T02:29:25.015+0000] {processor.py:840} INFO - DAG(s) 'fraud_model_training' retrieved from /opt/airflow/dags/fraud_training_dag.py
[2025-11-13T02:29:25.035+0000] {logging_mixin.py:188} INFO - [2025-11-13T02:29:25.035+0000] {dag.py:3033} INFO - Sync 1 DAGs
[2025-11-13T02:29:25.040+0000] {logging_mixin.py:188} INFO - [2025-11-13T02:29:25.040+0000] {dag.py:3820} INFO - Setting next_dagrun for fraud_model_training to None, run_after=None
[2025-11-13T02:29:25.050+0000] {processor.py:183} INFO - Processing /opt/airflow/dags/fraud_training_dag.py took 0.053 seconds
[2025-11-13T02:29:55.169+0000] {processor.py:161} INFO - Started process (PID=365) to work on /opt/airflow/dags/fraud_training_dag.py
[2025-11-13T02:29:55.169+0000] {processor.py:830} INFO - Processing file /opt/airflow/dags/fraud_training_dag.py for tasks to queue
[2025-11-13T02:29:55.170+0000] {logging_mixin.py:188} INFO - [2025-11-13T02:29:55.170+0000] {dagbag.py:538} INFO - Filling up the DagBag from /opt/airflow/dags/fraud_training_dag.py
[2025-11-13T02:29:55.176+0000] {processor.py:840} INFO - DAG(s) 'fraud_model_training' retrieved from /opt/airflow/dags/fraud_training_dag.py
[2025-11-13T02:29:55.186+0000] {logging_mixin.py:188} INFO - [2025-11-13T02:29:55.186+0000] {dag.py:3033} INFO - Sync 1 DAGs
[2025-11-13T02:29:55.191+0000] {logging_mixin.py:188} INFO - [2025-11-13T02:29:55.191+0000] {dag.py:3820} INFO - Setting next_dagrun for fraud_model_training to None, run_after=None
[2025-11-13T02:29:55.202+0000] {processor.py:183} INFO - Processing /opt/airflow/dags/fraud_training_dag.py took 0.035 seconds
[2025-11-13T02:30:25.328+0000] {processor.py:161} INFO - Started process (PID=373) to work on /opt/airflow/dags/fraud_training_dag.py
[2025-11-13T02:30:25.328+0000] {processor.py:830} INFO - Processing file /opt/airflow/dags/fraud_training_dag.py for tasks to queue
[2025-11-13T02:30:25.329+0000] {logging_mixin.py:188} INFO - [2025-11-13T02:30:25.328+0000] {dagbag.py:538} INFO - Filling up the DagBag from /opt/airflow/dags/fraud_training_dag.py
[2025-11-13T02:30:25.335+0000] {processor.py:840} INFO - DAG(s) 'fraud_model_training' retrieved from /opt/airflow/dags/fraud_training_dag.py
[2025-11-13T02:30:25.346+0000] {logging_mixin.py:188} INFO - [2025-11-13T02:30:25.346+0000] {dag.py:3033} INFO - Sync 1 DAGs
[2025-11-13T02:30:25.351+0000] {logging_mixin.py:188} INFO - [2025-11-13T02:30:25.351+0000] {dag.py:3820} INFO - Setting next_dagrun for fraud_model_training to None, run_after=None
[2025-11-13T02:30:25.361+0000] {processor.py:183} INFO - Processing /opt/airflow/dags/fraud_training_dag.py took 0.036 seconds
[2025-11-13T02:30:55.501+0000] {processor.py:161} INFO - Started process (PID=381) to work on /opt/airflow/dags/fraud_training_dag.py
[2025-11-13T02:30:55.502+0000] {processor.py:830} INFO - Processing file /opt/airflow/dags/fraud_training_dag.py for tasks to queue
[2025-11-13T02:30:55.502+0000] {logging_mixin.py:188} INFO - [2025-11-13T02:30:55.502+0000] {dagbag.py:538} INFO - Filling up the DagBag from /opt/airflow/dags/fraud_training_dag.py
[2025-11-13T02:30:55.508+0000] {processor.py:840} INFO - DAG(s) 'fraud_model_training' retrieved from /opt/airflow/dags/fraud_training_dag.py
[2025-11-13T02:30:55.519+0000] {logging_mixin.py:188} INFO - [2025-11-13T02:30:55.519+0000] {dag.py:3033} INFO - Sync 1 DAGs
[2025-11-13T02:30:55.524+0000] {logging_mixin.py:188} INFO - [2025-11-13T02:30:55.524+0000] {dag.py:3820} INFO - Setting next_dagrun for fraud_model_training to None, run_after=None
[2025-11-13T02:30:55.535+0000] {processor.py:183} INFO - Processing /opt/airflow/dags/fraud_training_dag.py took 0.035 seconds
[2025-11-13T02:31:25.671+0000] {processor.py:161} INFO - Started process (PID=388) to work on /opt/airflow/dags/fraud_training_dag.py
[2025-11-13T02:31:25.671+0000] {processor.py:830} INFO - Processing file /opt/airflow/dags/fraud_training_dag.py for tasks to queue
[2025-11-13T02:31:25.672+0000] {logging_mixin.py:188} INFO - [2025-11-13T02:31:25.672+0000] {dagbag.py:538} INFO - Filling up the DagBag from /opt/airflow/dags/fraud_training_dag.py
[2025-11-13T02:31:25.678+0000] {processor.py:840} INFO - DAG(s) 'fraud_model_training' retrieved from /opt/airflow/dags/fraud_training_dag.py
[2025-11-13T02:31:25.694+0000] {logging_mixin.py:188} INFO - [2025-11-13T02:31:25.693+0000] {dag.py:3033} INFO - Sync 1 DAGs
[2025-11-13T02:31:25.700+0000] {logging_mixin.py:188} INFO - [2025-11-13T02:31:25.699+0000] {dag.py:3820} INFO - Setting next_dagrun for fraud_model_training to None, run_after=None
[2025-11-13T02:31:25.714+0000] {processor.py:183} INFO - Processing /opt/airflow/dags/fraud_training_dag.py took 0.045 seconds
[2025-11-13T02:31:55.853+0000] {processor.py:161} INFO - Started process (PID=396) to work on /opt/airflow/dags/fraud_training_dag.py
[2025-11-13T02:31:55.854+0000] {processor.py:830} INFO - Processing file /opt/airflow/dags/fraud_training_dag.py for tasks to queue
[2025-11-13T02:31:55.855+0000] {logging_mixin.py:188} INFO - [2025-11-13T02:31:55.855+0000] {dagbag.py:538} INFO - Filling up the DagBag from /opt/airflow/dags/fraud_training_dag.py
[2025-11-13T02:31:55.864+0000] {processor.py:840} INFO - DAG(s) 'fraud_model_training' retrieved from /opt/airflow/dags/fraud_training_dag.py
[2025-11-13T02:31:55.877+0000] {logging_mixin.py:188} INFO - [2025-11-13T02:31:55.877+0000] {dag.py:3033} INFO - Sync 1 DAGs
[2025-11-13T02:31:55.884+0000] {logging_mixin.py:188} INFO - [2025-11-13T02:31:55.884+0000] {dag.py:3820} INFO - Setting next_dagrun for fraud_model_training to None, run_after=None
[2025-11-13T02:31:55.895+0000] {processor.py:183} INFO - Processing /opt/airflow/dags/fraud_training_dag.py took 0.044 seconds
[2025-11-13T02:32:26.005+0000] {processor.py:161} INFO - Started process (PID=404) to work on /opt/airflow/dags/fraud_training_dag.py
[2025-11-13T02:32:26.006+0000] {processor.py:830} INFO - Processing file /opt/airflow/dags/fraud_training_dag.py for tasks to queue
[2025-11-13T02:32:26.006+0000] {logging_mixin.py:188} INFO - [2025-11-13T02:32:26.006+0000] {dagbag.py:538} INFO - Filling up the DagBag from /opt/airflow/dags/fraud_training_dag.py
[2025-11-13T02:32:26.017+0000] {processor.py:840} INFO - DAG(s) 'fraud_model_training' retrieved from /opt/airflow/dags/fraud_training_dag.py
[2025-11-13T02:32:26.035+0000] {logging_mixin.py:188} INFO - [2025-11-13T02:32:26.035+0000] {dag.py:3033} INFO - Sync 1 DAGs
[2025-11-13T02:32:26.046+0000] {logging_mixin.py:188} INFO - [2025-11-13T02:32:26.046+0000] {dag.py:3820} INFO - Setting next_dagrun for fraud_model_training to None, run_after=None
[2025-11-13T02:32:26.061+0000] {processor.py:183} INFO - Processing /opt/airflow/dags/fraud_training_dag.py took 0.058 seconds
[2025-11-13T02:32:56.117+0000] {processor.py:161} INFO - Started process (PID=413) to work on /opt/airflow/dags/fraud_training_dag.py
[2025-11-13T02:32:56.118+0000] {processor.py:830} INFO - Processing file /opt/airflow/dags/fraud_training_dag.py for tasks to queue
[2025-11-13T02:32:56.119+0000] {logging_mixin.py:188} INFO - [2025-11-13T02:32:56.119+0000] {dagbag.py:538} INFO - Filling up the DagBag from /opt/airflow/dags/fraud_training_dag.py
[2025-11-13T02:32:56.129+0000] {processor.py:840} INFO - DAG(s) 'fraud_model_training' retrieved from /opt/airflow/dags/fraud_training_dag.py
[2025-11-13T02:32:56.144+0000] {logging_mixin.py:188} INFO - [2025-11-13T02:32:56.144+0000] {dag.py:3033} INFO - Sync 1 DAGs
[2025-11-13T02:32:56.149+0000] {logging_mixin.py:188} INFO - [2025-11-13T02:32:56.149+0000] {dag.py:3820} INFO - Setting next_dagrun for fraud_model_training to None, run_after=None
[2025-11-13T02:32:56.161+0000] {processor.py:183} INFO - Processing /opt/airflow/dags/fraud_training_dag.py took 0.045 seconds
[2025-11-13T02:33:26.277+0000] {processor.py:161} INFO - Started process (PID=421) to work on /opt/airflow/dags/fraud_training_dag.py
[2025-11-13T02:33:26.278+0000] {processor.py:830} INFO - Processing file /opt/airflow/dags/fraud_training_dag.py for tasks to queue
[2025-11-13T02:33:26.279+0000] {logging_mixin.py:188} INFO - [2025-11-13T02:33:26.279+0000] {dagbag.py:538} INFO - Filling up the DagBag from /opt/airflow/dags/fraud_training_dag.py
[2025-11-13T02:33:26.287+0000] {processor.py:840} INFO - DAG(s) 'fraud_model_training' retrieved from /opt/airflow/dags/fraud_training_dag.py
[2025-11-13T02:33:26.302+0000] {logging_mixin.py:188} INFO - [2025-11-13T02:33:26.302+0000] {dag.py:3033} INFO - Sync 1 DAGs
[2025-11-13T02:33:26.309+0000] {logging_mixin.py:188} INFO - [2025-11-13T02:33:26.309+0000] {dag.py:3820} INFO - Setting next_dagrun for fraud_model_training to None, run_after=None
[2025-11-13T02:33:26.323+0000] {processor.py:183} INFO - Processing /opt/airflow/dags/fraud_training_dag.py took 0.048 seconds
[2025-11-13T02:33:56.433+0000] {processor.py:161} INFO - Started process (PID=429) to work on /opt/airflow/dags/fraud_training_dag.py
[2025-11-13T02:33:56.434+0000] {processor.py:830} INFO - Processing file /opt/airflow/dags/fraud_training_dag.py for tasks to queue
[2025-11-13T02:33:56.435+0000] {logging_mixin.py:188} INFO - [2025-11-13T02:33:56.434+0000] {dagbag.py:538} INFO - Filling up the DagBag from /opt/airflow/dags/fraud_training_dag.py
[2025-11-13T02:33:56.442+0000] {processor.py:840} INFO - DAG(s) 'fraud_model_training' retrieved from /opt/airflow/dags/fraud_training_dag.py
[2025-11-13T02:33:56.456+0000] {logging_mixin.py:188} INFO - [2025-11-13T02:33:56.456+0000] {dag.py:3033} INFO - Sync 1 DAGs
[2025-11-13T02:33:56.462+0000] {logging_mixin.py:188} INFO - [2025-11-13T02:33:56.462+0000] {dag.py:3820} INFO - Setting next_dagrun for fraud_model_training to None, run_after=None
[2025-11-13T02:33:56.479+0000] {processor.py:183} INFO - Processing /opt/airflow/dags/fraud_training_dag.py took 0.048 seconds
[2025-11-13T02:34:26.601+0000] {processor.py:161} INFO - Started process (PID=437) to work on /opt/airflow/dags/fraud_training_dag.py
[2025-11-13T02:34:26.601+0000] {processor.py:830} INFO - Processing file /opt/airflow/dags/fraud_training_dag.py for tasks to queue
[2025-11-13T02:34:26.602+0000] {logging_mixin.py:188} INFO - [2025-11-13T02:34:26.602+0000] {dagbag.py:538} INFO - Filling up the DagBag from /opt/airflow/dags/fraud_training_dag.py
[2025-11-13T02:34:26.607+0000] {processor.py:840} INFO - DAG(s) 'fraud_model_training' retrieved from /opt/airflow/dags/fraud_training_dag.py
[2025-11-13T02:34:26.617+0000] {logging_mixin.py:188} INFO - [2025-11-13T02:34:26.617+0000] {dag.py:3033} INFO - Sync 1 DAGs
[2025-11-13T02:34:26.622+0000] {logging_mixin.py:188} INFO - [2025-11-13T02:34:26.622+0000] {dag.py:3820} INFO - Setting next_dagrun for fraud_model_training to None, run_after=None
[2025-11-13T02:34:26.631+0000] {processor.py:183} INFO - Processing /opt/airflow/dags/fraud_training_dag.py took 0.032 seconds
[2025-11-13T02:35:00.864+0000] {processor.py:161} INFO - Started process (PID=35) to work on /opt/airflow/dags/fraud_training_dag.py
[2025-11-13T02:35:00.865+0000] {processor.py:830} INFO - Processing file /opt/airflow/dags/fraud_training_dag.py for tasks to queue
[2025-11-13T02:35:00.866+0000] {logging_mixin.py:188} INFO - [2025-11-13T02:35:00.865+0000] {dagbag.py:538} INFO - Filling up the DagBag from /opt/airflow/dags/fraud_training_dag.py
[2025-11-13T02:35:00.874+0000] {processor.py:840} INFO - DAG(s) 'fraud_model_training' retrieved from /opt/airflow/dags/fraud_training_dag.py
[2025-11-13T02:35:00.934+0000] {logging_mixin.py:188} INFO - [2025-11-13T02:35:00.934+0000] {override.py:1769} INFO - Created Permission View: can edit on DAG:fraud_model_training
[2025-11-13T02:35:00.940+0000] {logging_mixin.py:188} INFO - [2025-11-13T02:35:00.940+0000] {override.py:1769} INFO - Created Permission View: can delete on DAG:fraud_model_training
[2025-11-13T02:35:00.943+0000] {logging_mixin.py:188} INFO - [2025-11-13T02:35:00.943+0000] {override.py:1769} INFO - Created Permission View: can read on DAG:fraud_model_training
[2025-11-13T02:35:00.943+0000] {logging_mixin.py:188} INFO - [2025-11-13T02:35:00.943+0000] {dag.py:3033} INFO - Sync 1 DAGs
[2025-11-13T02:35:00.948+0000] {logging_mixin.py:188} INFO - [2025-11-13T02:35:00.948+0000] {dag.py:3055} INFO - Creating ORM DAG for fraud_model_training
[2025-11-13T02:35:00.948+0000] {logging_mixin.py:188} INFO - [2025-11-13T02:35:00.948+0000] {dag.py:3820} INFO - Setting next_dagrun for fraud_model_training to None, run_after=None
[2025-11-13T02:35:00.957+0000] {processor.py:183} INFO - Processing /opt/airflow/dags/fraud_training_dag.py took 0.095 seconds
[2025-11-13T02:35:31.814+0000] {processor.py:161} INFO - Started process (PID=72) to work on /opt/airflow/dags/fraud_training_dag.py
[2025-11-13T02:35:31.815+0000] {processor.py:830} INFO - Processing file /opt/airflow/dags/fraud_training_dag.py for tasks to queue
[2025-11-13T02:35:31.816+0000] {logging_mixin.py:188} INFO - [2025-11-13T02:35:31.816+0000] {dagbag.py:538} INFO - Filling up the DagBag from /opt/airflow/dags/fraud_training_dag.py
[2025-11-13T02:35:31.822+0000] {processor.py:840} INFO - DAG(s) 'fraud_model_training' retrieved from /opt/airflow/dags/fraud_training_dag.py
[2025-11-13T02:35:31.835+0000] {logging_mixin.py:188} INFO - [2025-11-13T02:35:31.835+0000] {dag.py:3033} INFO - Sync 1 DAGs
[2025-11-13T02:35:31.841+0000] {logging_mixin.py:188} INFO - [2025-11-13T02:35:31.841+0000] {dag.py:3820} INFO - Setting next_dagrun for fraud_model_training to None, run_after=None
[2025-11-13T02:35:31.852+0000] {processor.py:183} INFO - Processing /opt/airflow/dags/fraud_training_dag.py took 0.040 seconds
[2025-11-13T02:36:02.840+0000] {processor.py:161} INFO - Started process (PID=74) to work on /opt/airflow/dags/fraud_training_dag.py
[2025-11-13T02:36:02.840+0000] {processor.py:830} INFO - Processing file /opt/airflow/dags/fraud_training_dag.py for tasks to queue
[2025-11-13T02:36:02.841+0000] {logging_mixin.py:188} INFO - [2025-11-13T02:36:02.840+0000] {dagbag.py:538} INFO - Filling up the DagBag from /opt/airflow/dags/fraud_training_dag.py
[2025-11-13T02:36:02.847+0000] {processor.py:840} INFO - DAG(s) 'fraud_model_training' retrieved from /opt/airflow/dags/fraud_training_dag.py
[2025-11-13T02:36:02.860+0000] {logging_mixin.py:188} INFO - [2025-11-13T02:36:02.860+0000] {dag.py:3033} INFO - Sync 1 DAGs
[2025-11-13T02:36:02.864+0000] {logging_mixin.py:188} INFO - [2025-11-13T02:36:02.864+0000] {dag.py:3820} INFO - Setting next_dagrun for fraud_model_training to None, run_after=None
[2025-11-13T02:36:02.876+0000] {processor.py:183} INFO - Processing /opt/airflow/dags/fraud_training_dag.py took 0.038 seconds
[2025-11-13T02:36:33.037+0000] {processor.py:161} INFO - Started process (PID=76) to work on /opt/airflow/dags/fraud_training_dag.py
[2025-11-13T02:36:33.038+0000] {processor.py:830} INFO - Processing file /opt/airflow/dags/fraud_training_dag.py for tasks to queue
[2025-11-13T02:36:33.038+0000] {logging_mixin.py:188} INFO - [2025-11-13T02:36:33.038+0000] {dagbag.py:538} INFO - Filling up the DagBag from /opt/airflow/dags/fraud_training_dag.py
[2025-11-13T02:36:33.046+0000] {processor.py:840} INFO - DAG(s) 'fraud_model_training' retrieved from /opt/airflow/dags/fraud_training_dag.py
[2025-11-13T02:36:33.060+0000] {logging_mixin.py:188} INFO - [2025-11-13T02:36:33.060+0000] {dag.py:3033} INFO - Sync 1 DAGs
[2025-11-13T02:36:33.067+0000] {logging_mixin.py:188} INFO - [2025-11-13T02:36:33.067+0000] {dag.py:3820} INFO - Setting next_dagrun for fraud_model_training to None, run_after=None
[2025-11-13T02:36:33.079+0000] {processor.py:183} INFO - Processing /opt/airflow/dags/fraud_training_dag.py took 0.045 seconds
[2025-11-13T02:37:03.375+0000] {processor.py:161} INFO - Started process (PID=78) to work on /opt/airflow/dags/fraud_training_dag.py
[2025-11-13T02:37:03.376+0000] {processor.py:830} INFO - Processing file /opt/airflow/dags/fraud_training_dag.py for tasks to queue
[2025-11-13T02:37:03.376+0000] {logging_mixin.py:188} INFO - [2025-11-13T02:37:03.376+0000] {dagbag.py:538} INFO - Filling up the DagBag from /opt/airflow/dags/fraud_training_dag.py
[2025-11-13T02:37:03.383+0000] {processor.py:840} INFO - DAG(s) 'fraud_model_training' retrieved from /opt/airflow/dags/fraud_training_dag.py
[2025-11-13T02:37:03.394+0000] {logging_mixin.py:188} INFO - [2025-11-13T02:37:03.394+0000] {dag.py:3033} INFO - Sync 1 DAGs
[2025-11-13T02:37:03.400+0000] {logging_mixin.py:188} INFO - [2025-11-13T02:37:03.400+0000] {dag.py:3820} INFO - Setting next_dagrun for fraud_model_training to None, run_after=None
[2025-11-13T02:37:03.412+0000] {processor.py:183} INFO - Processing /opt/airflow/dags/fraud_training_dag.py took 0.038 seconds
[2025-11-13T02:37:33.709+0000] {processor.py:161} INFO - Started process (PID=80) to work on /opt/airflow/dags/fraud_training_dag.py
[2025-11-13T02:37:33.709+0000] {processor.py:830} INFO - Processing file /opt/airflow/dags/fraud_training_dag.py for tasks to queue
[2025-11-13T02:37:33.710+0000] {logging_mixin.py:188} INFO - [2025-11-13T02:37:33.709+0000] {dagbag.py:538} INFO - Filling up the DagBag from /opt/airflow/dags/fraud_training_dag.py
[2025-11-13T02:37:33.717+0000] {processor.py:840} INFO - DAG(s) 'fraud_model_training' retrieved from /opt/airflow/dags/fraud_training_dag.py
[2025-11-13T02:37:33.730+0000] {logging_mixin.py:188} INFO - [2025-11-13T02:37:33.730+0000] {dag.py:3033} INFO - Sync 1 DAGs
[2025-11-13T02:37:33.736+0000] {logging_mixin.py:188} INFO - [2025-11-13T02:37:33.735+0000] {dag.py:3820} INFO - Setting next_dagrun for fraud_model_training to None, run_after=None
[2025-11-13T02:37:33.745+0000] {processor.py:183} INFO - Processing /opt/airflow/dags/fraud_training_dag.py took 0.039 seconds
[2025-11-13T02:38:04.052+0000] {processor.py:161} INFO - Started process (PID=82) to work on /opt/airflow/dags/fraud_training_dag.py
[2025-11-13T02:38:04.053+0000] {processor.py:830} INFO - Processing file /opt/airflow/dags/fraud_training_dag.py for tasks to queue
[2025-11-13T02:38:04.054+0000] {logging_mixin.py:188} INFO - [2025-11-13T02:38:04.054+0000] {dagbag.py:538} INFO - Filling up the DagBag from /opt/airflow/dags/fraud_training_dag.py
[2025-11-13T02:38:04.061+0000] {processor.py:840} INFO - DAG(s) 'fraud_model_training' retrieved from /opt/airflow/dags/fraud_training_dag.py
[2025-11-13T02:38:04.074+0000] {logging_mixin.py:188} INFO - [2025-11-13T02:38:04.074+0000] {dag.py:3033} INFO - Sync 1 DAGs
[2025-11-13T02:38:04.081+0000] {logging_mixin.py:188} INFO - [2025-11-13T02:38:04.081+0000] {dag.py:3820} INFO - Setting next_dagrun for fraud_model_training to None, run_after=None
[2025-11-13T02:38:04.092+0000] {processor.py:183} INFO - Processing /opt/airflow/dags/fraud_training_dag.py took 0.041 seconds
[2025-11-13T02:38:34.386+0000] {processor.py:161} INFO - Started process (PID=84) to work on /opt/airflow/dags/fraud_training_dag.py
[2025-11-13T02:38:34.387+0000] {processor.py:830} INFO - Processing file /opt/airflow/dags/fraud_training_dag.py for tasks to queue
[2025-11-13T02:38:34.387+0000] {logging_mixin.py:188} INFO - [2025-11-13T02:38:34.387+0000] {dagbag.py:538} INFO - Filling up the DagBag from /opt/airflow/dags/fraud_training_dag.py
[2025-11-13T02:38:34.396+0000] {processor.py:840} INFO - DAG(s) 'fraud_model_training' retrieved from /opt/airflow/dags/fraud_training_dag.py
[2025-11-13T02:38:34.408+0000] {logging_mixin.py:188} INFO - [2025-11-13T02:38:34.408+0000] {dag.py:3033} INFO - Sync 1 DAGs
[2025-11-13T02:38:34.416+0000] {logging_mixin.py:188} INFO - [2025-11-13T02:38:34.416+0000] {dag.py:3820} INFO - Setting next_dagrun for fraud_model_training to None, run_after=None
[2025-11-13T02:38:34.430+0000] {processor.py:183} INFO - Processing /opt/airflow/dags/fraud_training_dag.py took 0.046 seconds
[2025-11-13T02:39:04.543+0000] {processor.py:161} INFO - Started process (PID=86) to work on /opt/airflow/dags/fraud_training_dag.py
[2025-11-13T02:39:04.544+0000] {processor.py:830} INFO - Processing file /opt/airflow/dags/fraud_training_dag.py for tasks to queue
[2025-11-13T02:39:04.544+0000] {logging_mixin.py:188} INFO - [2025-11-13T02:39:04.544+0000] {dagbag.py:538} INFO - Filling up the DagBag from /opt/airflow/dags/fraud_training_dag.py
[2025-11-13T02:39:04.551+0000] {processor.py:840} INFO - DAG(s) 'fraud_model_training' retrieved from /opt/airflow/dags/fraud_training_dag.py
[2025-11-13T02:39:04.565+0000] {logging_mixin.py:188} INFO - [2025-11-13T02:39:04.565+0000] {dag.py:3033} INFO - Sync 1 DAGs
[2025-11-13T02:39:04.573+0000] {logging_mixin.py:188} INFO - [2025-11-13T02:39:04.572+0000] {dag.py:3820} INFO - Setting next_dagrun for fraud_model_training to None, run_after=None
[2025-11-13T02:39:04.585+0000] {processor.py:183} INFO - Processing /opt/airflow/dags/fraud_training_dag.py took 0.044 seconds
[2025-11-13T02:39:34.665+0000] {processor.py:161} INFO - Started process (PID=88) to work on /opt/airflow/dags/fraud_training_dag.py
[2025-11-13T02:39:34.666+0000] {processor.py:830} INFO - Processing file /opt/airflow/dags/fraud_training_dag.py for tasks to queue
[2025-11-13T02:39:34.667+0000] {logging_mixin.py:188} INFO - [2025-11-13T02:39:34.667+0000] {dagbag.py:538} INFO - Filling up the DagBag from /opt/airflow/dags/fraud_training_dag.py
[2025-11-13T02:39:34.673+0000] {processor.py:840} INFO - DAG(s) 'fraud_model_training' retrieved from /opt/airflow/dags/fraud_training_dag.py
[2025-11-13T02:39:34.684+0000] {logging_mixin.py:188} INFO - [2025-11-13T02:39:34.684+0000] {dag.py:3033} INFO - Sync 1 DAGs
[2025-11-13T02:39:34.689+0000] {logging_mixin.py:188} INFO - [2025-11-13T02:39:34.689+0000] {dag.py:3820} INFO - Setting next_dagrun for fraud_model_training to None, run_after=None
[2025-11-13T02:39:34.699+0000] {processor.py:183} INFO - Processing /opt/airflow/dags/fraud_training_dag.py took 0.035 seconds
[2025-11-13T02:40:04.783+0000] {processor.py:161} INFO - Started process (PID=90) to work on /opt/airflow/dags/fraud_training_dag.py
[2025-11-13T02:40:04.783+0000] {processor.py:830} INFO - Processing file /opt/airflow/dags/fraud_training_dag.py for tasks to queue
[2025-11-13T02:40:04.784+0000] {logging_mixin.py:188} INFO - [2025-11-13T02:40:04.784+0000] {dagbag.py:538} INFO - Filling up the DagBag from /opt/airflow/dags/fraud_training_dag.py
[2025-11-13T02:40:04.790+0000] {processor.py:840} INFO - DAG(s) 'fraud_model_training' retrieved from /opt/airflow/dags/fraud_training_dag.py
[2025-11-13T02:40:04.801+0000] {logging_mixin.py:188} INFO - [2025-11-13T02:40:04.800+0000] {dag.py:3033} INFO - Sync 1 DAGs
[2025-11-13T02:40:04.806+0000] {logging_mixin.py:188} INFO - [2025-11-13T02:40:04.806+0000] {dag.py:3820} INFO - Setting next_dagrun for fraud_model_training to None, run_after=None
[2025-11-13T02:40:04.818+0000] {processor.py:183} INFO - Processing /opt/airflow/dags/fraud_training_dag.py took 0.038 seconds
[2025-11-13T02:40:35.452+0000] {processor.py:161} INFO - Started process (PID=110) to work on /opt/airflow/dags/fraud_training_dag.py
[2025-11-13T02:40:35.453+0000] {processor.py:830} INFO - Processing file /opt/airflow/dags/fraud_training_dag.py for tasks to queue
[2025-11-13T02:40:35.454+0000] {logging_mixin.py:188} INFO - [2025-11-13T02:40:35.453+0000] {dagbag.py:538} INFO - Filling up the DagBag from /opt/airflow/dags/fraud_training_dag.py
[2025-11-13T02:40:35.461+0000] {processor.py:840} INFO - DAG(s) 'fraud_model_training' retrieved from /opt/airflow/dags/fraud_training_dag.py
[2025-11-13T02:40:35.474+0000] {logging_mixin.py:188} INFO - [2025-11-13T02:40:35.473+0000] {dag.py:3033} INFO - Sync 1 DAGs
[2025-11-13T02:40:35.479+0000] {logging_mixin.py:188} INFO - [2025-11-13T02:40:35.478+0000] {dag.py:3820} INFO - Setting next_dagrun for fraud_model_training to None, run_after=None
[2025-11-13T02:40:35.488+0000] {processor.py:183} INFO - Processing /opt/airflow/dags/fraud_training_dag.py took 0.039 seconds
[2025-11-13T02:41:05.757+0000] {processor.py:161} INFO - Started process (PID=112) to work on /opt/airflow/dags/fraud_training_dag.py
[2025-11-13T02:41:05.758+0000] {processor.py:830} INFO - Processing file /opt/airflow/dags/fraud_training_dag.py for tasks to queue
[2025-11-13T02:41:05.758+0000] {logging_mixin.py:188} INFO - [2025-11-13T02:41:05.758+0000] {dagbag.py:538} INFO - Filling up the DagBag from /opt/airflow/dags/fraud_training_dag.py
[2025-11-13T02:41:05.764+0000] {processor.py:840} INFO - DAG(s) 'fraud_model_training' retrieved from /opt/airflow/dags/fraud_training_dag.py
[2025-11-13T02:41:05.776+0000] {logging_mixin.py:188} INFO - [2025-11-13T02:41:05.776+0000] {dag.py:3033} INFO - Sync 1 DAGs
[2025-11-13T02:41:05.782+0000] {logging_mixin.py:188} INFO - [2025-11-13T02:41:05.782+0000] {dag.py:3820} INFO - Setting next_dagrun for fraud_model_training to None, run_after=None
[2025-11-13T02:41:05.794+0000] {processor.py:183} INFO - Processing /opt/airflow/dags/fraud_training_dag.py took 0.038 seconds
[2025-11-13T02:41:36.073+0000] {processor.py:161} INFO - Started process (PID=114) to work on /opt/airflow/dags/fraud_training_dag.py
[2025-11-13T02:41:36.074+0000] {processor.py:830} INFO - Processing file /opt/airflow/dags/fraud_training_dag.py for tasks to queue
[2025-11-13T02:41:36.074+0000] {logging_mixin.py:188} INFO - [2025-11-13T02:41:36.074+0000] {dagbag.py:538} INFO - Filling up the DagBag from /opt/airflow/dags/fraud_training_dag.py
[2025-11-13T02:41:36.081+0000] {processor.py:840} INFO - DAG(s) 'fraud_model_training' retrieved from /opt/airflow/dags/fraud_training_dag.py
[2025-11-13T02:41:36.094+0000] {logging_mixin.py:188} INFO - [2025-11-13T02:41:36.094+0000] {dag.py:3033} INFO - Sync 1 DAGs
[2025-11-13T02:41:36.100+0000] {logging_mixin.py:188} INFO - [2025-11-13T02:41:36.100+0000] {dag.py:3820} INFO - Setting next_dagrun for fraud_model_training to None, run_after=None
[2025-11-13T02:41:36.112+0000] {processor.py:183} INFO - Processing /opt/airflow/dags/fraud_training_dag.py took 0.041 seconds
[2025-11-13T02:42:06.379+0000] {processor.py:161} INFO - Started process (PID=116) to work on /opt/airflow/dags/fraud_training_dag.py
[2025-11-13T02:42:06.379+0000] {processor.py:830} INFO - Processing file /opt/airflow/dags/fraud_training_dag.py for tasks to queue
[2025-11-13T02:42:06.380+0000] {logging_mixin.py:188} INFO - [2025-11-13T02:42:06.380+0000] {dagbag.py:538} INFO - Filling up the DagBag from /opt/airflow/dags/fraud_training_dag.py
[2025-11-13T02:42:06.388+0000] {processor.py:840} INFO - DAG(s) 'fraud_model_training' retrieved from /opt/airflow/dags/fraud_training_dag.py
[2025-11-13T02:42:06.402+0000] {logging_mixin.py:188} INFO - [2025-11-13T02:42:06.402+0000] {dag.py:3033} INFO - Sync 1 DAGs
[2025-11-13T02:42:06.408+0000] {logging_mixin.py:188} INFO - [2025-11-13T02:42:06.408+0000] {dag.py:3820} INFO - Setting next_dagrun for fraud_model_training to None, run_after=None
[2025-11-13T02:42:06.418+0000] {processor.py:183} INFO - Processing /opt/airflow/dags/fraud_training_dag.py took 0.042 seconds
[2025-11-13T02:42:36.701+0000] {processor.py:161} INFO - Started process (PID=118) to work on /opt/airflow/dags/fraud_training_dag.py
[2025-11-13T02:42:36.702+0000] {processor.py:830} INFO - Processing file /opt/airflow/dags/fraud_training_dag.py for tasks to queue
[2025-11-13T02:42:36.703+0000] {logging_mixin.py:188} INFO - [2025-11-13T02:42:36.703+0000] {dagbag.py:538} INFO - Filling up the DagBag from /opt/airflow/dags/fraud_training_dag.py
[2025-11-13T02:42:36.710+0000] {processor.py:840} INFO - DAG(s) 'fraud_model_training' retrieved from /opt/airflow/dags/fraud_training_dag.py
[2025-11-13T02:42:36.725+0000] {logging_mixin.py:188} INFO - [2025-11-13T02:42:36.725+0000] {dag.py:3033} INFO - Sync 1 DAGs
[2025-11-13T02:42:36.730+0000] {logging_mixin.py:188} INFO - [2025-11-13T02:42:36.730+0000] {dag.py:3820} INFO - Setting next_dagrun for fraud_model_training to None, run_after=None
[2025-11-13T02:42:36.740+0000] {processor.py:183} INFO - Processing /opt/airflow/dags/fraud_training_dag.py took 0.042 seconds
[2025-11-13T02:42:38.976+0000] {processor.py:161} INFO - Started process (PID=120) to work on /opt/airflow/dags/fraud_training_dag.py
[2025-11-13T02:42:38.977+0000] {processor.py:830} INFO - Processing file /opt/airflow/dags/fraud_training_dag.py for tasks to queue
[2025-11-13T02:42:38.977+0000] {logging_mixin.py:188} INFO - [2025-11-13T02:42:38.977+0000] {dagbag.py:538} INFO - Filling up the DagBag from /opt/airflow/dags/fraud_training_dag.py
[2025-11-13T02:42:38.987+0000] {processor.py:840} INFO - DAG(s) 'fraud_model_training' retrieved from /opt/airflow/dags/fraud_training_dag.py
[2025-11-13T02:42:39.045+0000] {logging_mixin.py:188} INFO - [2025-11-13T02:42:39.045+0000] {dag.py:3033} INFO - Sync 1 DAGs
[2025-11-13T02:42:39.050+0000] {logging_mixin.py:188} INFO - [2025-11-13T02:42:39.050+0000] {dag.py:3820} INFO - Setting next_dagrun for fraud_model_training to None, run_after=None
[2025-11-13T02:42:39.062+0000] {processor.py:183} INFO - Processing /opt/airflow/dags/fraud_training_dag.py took 0.088 seconds
