[2025-11-17T20:33:00.950+0000] {processor.py:161} INFO - Started process (PID=48) to work on /opt/airflow/dags/fraud_training_dag.py
[2025-11-17T20:33:00.950+0000] {processor.py:830} INFO - Processing file /opt/airflow/dags/fraud_training_dag.py for tasks to queue
[2025-11-17T20:33:00.951+0000] {logging_mixin.py:188} INFO - [2025-11-17T20:33:00.950+0000] {dagbag.py:538} INFO - Filling up the DagBag from /opt/airflow/dags/fraud_training_dag.py
[2025-11-17T20:33:00.957+0000] {processor.py:840} INFO - DAG(s) 'fraud_model_training' retrieved from /opt/airflow/dags/fraud_training_dag.py
[2025-11-17T20:33:01.014+0000] {logging_mixin.py:188} INFO - [2025-11-17T20:33:01.013+0000] {override.py:1769} INFO - Created Permission View: can delete on DAG:fraud_model_training
[2025-11-17T20:33:01.019+0000] {logging_mixin.py:188} INFO - [2025-11-17T20:33:01.019+0000] {override.py:1769} INFO - Created Permission View: can edit on DAG:fraud_model_training
[2025-11-17T20:33:01.022+0000] {logging_mixin.py:188} INFO - [2025-11-17T20:33:01.022+0000] {override.py:1769} INFO - Created Permission View: can read on DAG:fraud_model_training
[2025-11-17T20:33:01.023+0000] {logging_mixin.py:188} INFO - [2025-11-17T20:33:01.022+0000] {dag.py:3033} INFO - Sync 1 DAGs
[2025-11-17T20:33:01.028+0000] {logging_mixin.py:188} INFO - [2025-11-17T20:33:01.027+0000] {dag.py:3055} INFO - Creating ORM DAG for fraud_model_training
[2025-11-17T20:33:01.028+0000] {logging_mixin.py:188} INFO - [2025-11-17T20:33:01.028+0000] {dag.py:3820} INFO - Setting next_dagrun for fraud_model_training to None, run_after=None
[2025-11-17T20:33:01.038+0000] {processor.py:183} INFO - Processing /opt/airflow/dags/fraud_training_dag.py took 0.090 seconds
[2025-11-17T20:33:31.105+0000] {processor.py:161} INFO - Started process (PID=66) to work on /opt/airflow/dags/fraud_training_dag.py
[2025-11-17T20:33:31.106+0000] {processor.py:830} INFO - Processing file /opt/airflow/dags/fraud_training_dag.py for tasks to queue
[2025-11-17T20:33:31.106+0000] {logging_mixin.py:188} INFO - [2025-11-17T20:33:31.106+0000] {dagbag.py:538} INFO - Filling up the DagBag from /opt/airflow/dags/fraud_training_dag.py
[2025-11-17T20:33:31.114+0000] {processor.py:840} INFO - DAG(s) 'fraud_model_training' retrieved from /opt/airflow/dags/fraud_training_dag.py
[2025-11-17T20:33:31.136+0000] {logging_mixin.py:188} INFO - [2025-11-17T20:33:31.135+0000] {dag.py:3033} INFO - Sync 1 DAGs
[2025-11-17T20:33:31.143+0000] {logging_mixin.py:188} INFO - [2025-11-17T20:33:31.143+0000] {dag.py:3820} INFO - Setting next_dagrun for fraud_model_training to None, run_after=None
[2025-11-17T20:33:31.154+0000] {processor.py:183} INFO - Processing /opt/airflow/dags/fraud_training_dag.py took 0.051 seconds
[2025-11-17T20:34:01.502+0000] {processor.py:161} INFO - Started process (PID=68) to work on /opt/airflow/dags/fraud_training_dag.py
[2025-11-17T20:34:01.502+0000] {processor.py:830} INFO - Processing file /opt/airflow/dags/fraud_training_dag.py for tasks to queue
[2025-11-17T20:34:01.503+0000] {logging_mixin.py:188} INFO - [2025-11-17T20:34:01.503+0000] {dagbag.py:538} INFO - Filling up the DagBag from /opt/airflow/dags/fraud_training_dag.py
[2025-11-17T20:34:01.512+0000] {processor.py:840} INFO - DAG(s) 'fraud_model_training' retrieved from /opt/airflow/dags/fraud_training_dag.py
[2025-11-17T20:34:01.528+0000] {logging_mixin.py:188} INFO - [2025-11-17T20:34:01.528+0000] {dag.py:3033} INFO - Sync 1 DAGs
[2025-11-17T20:34:01.535+0000] {logging_mixin.py:188} INFO - [2025-11-17T20:34:01.535+0000] {dag.py:3820} INFO - Setting next_dagrun for fraud_model_training to None, run_after=None
[2025-11-17T20:34:01.546+0000] {processor.py:183} INFO - Processing /opt/airflow/dags/fraud_training_dag.py took 0.046 seconds
[2025-11-17T20:34:31.839+0000] {processor.py:161} INFO - Started process (PID=70) to work on /opt/airflow/dags/fraud_training_dag.py
[2025-11-17T20:34:31.840+0000] {processor.py:830} INFO - Processing file /opt/airflow/dags/fraud_training_dag.py for tasks to queue
[2025-11-17T20:34:31.840+0000] {logging_mixin.py:188} INFO - [2025-11-17T20:34:31.840+0000] {dagbag.py:538} INFO - Filling up the DagBag from /opt/airflow/dags/fraud_training_dag.py
[2025-11-17T20:34:31.847+0000] {processor.py:840} INFO - DAG(s) 'fraud_model_training' retrieved from /opt/airflow/dags/fraud_training_dag.py
[2025-11-17T20:34:31.858+0000] {logging_mixin.py:188} INFO - [2025-11-17T20:34:31.858+0000] {dag.py:3033} INFO - Sync 1 DAGs
[2025-11-17T20:34:31.864+0000] {logging_mixin.py:188} INFO - [2025-11-17T20:34:31.863+0000] {dag.py:3820} INFO - Setting next_dagrun for fraud_model_training to None, run_after=None
[2025-11-17T20:34:31.874+0000] {processor.py:183} INFO - Processing /opt/airflow/dags/fraud_training_dag.py took 0.038 seconds
[2025-11-17T20:35:02.157+0000] {processor.py:161} INFO - Started process (PID=72) to work on /opt/airflow/dags/fraud_training_dag.py
[2025-11-17T20:35:02.158+0000] {processor.py:830} INFO - Processing file /opt/airflow/dags/fraud_training_dag.py for tasks to queue
[2025-11-17T20:35:02.159+0000] {logging_mixin.py:188} INFO - [2025-11-17T20:35:02.158+0000] {dagbag.py:538} INFO - Filling up the DagBag from /opt/airflow/dags/fraud_training_dag.py
[2025-11-17T20:35:02.165+0000] {processor.py:840} INFO - DAG(s) 'fraud_model_training' retrieved from /opt/airflow/dags/fraud_training_dag.py
[2025-11-17T20:35:02.177+0000] {logging_mixin.py:188} INFO - [2025-11-17T20:35:02.177+0000] {dag.py:3033} INFO - Sync 1 DAGs
[2025-11-17T20:35:02.183+0000] {logging_mixin.py:188} INFO - [2025-11-17T20:35:02.183+0000] {dag.py:3820} INFO - Setting next_dagrun for fraud_model_training to None, run_after=None
[2025-11-17T20:35:02.194+0000] {processor.py:183} INFO - Processing /opt/airflow/dags/fraud_training_dag.py took 0.038 seconds
[2025-11-17T20:35:32.376+0000] {processor.py:161} INFO - Started process (PID=74) to work on /opt/airflow/dags/fraud_training_dag.py
[2025-11-17T20:35:32.377+0000] {processor.py:830} INFO - Processing file /opt/airflow/dags/fraud_training_dag.py for tasks to queue
[2025-11-17T20:35:32.378+0000] {logging_mixin.py:188} INFO - [2025-11-17T20:35:32.378+0000] {dagbag.py:538} INFO - Filling up the DagBag from /opt/airflow/dags/fraud_training_dag.py
[2025-11-17T20:35:32.392+0000] {processor.py:840} INFO - DAG(s) 'fraud_model_training' retrieved from /opt/airflow/dags/fraud_training_dag.py
[2025-11-17T20:35:32.407+0000] {logging_mixin.py:188} INFO - [2025-11-17T20:35:32.407+0000] {dag.py:3033} INFO - Sync 1 DAGs
[2025-11-17T20:35:32.413+0000] {logging_mixin.py:188} INFO - [2025-11-17T20:35:32.413+0000] {dag.py:3820} INFO - Setting next_dagrun for fraud_model_training to None, run_after=None
[2025-11-17T20:35:32.424+0000] {processor.py:183} INFO - Processing /opt/airflow/dags/fraud_training_dag.py took 0.052 seconds
[2025-11-17T20:36:02.686+0000] {processor.py:161} INFO - Started process (PID=76) to work on /opt/airflow/dags/fraud_training_dag.py
[2025-11-17T20:36:02.687+0000] {processor.py:830} INFO - Processing file /opt/airflow/dags/fraud_training_dag.py for tasks to queue
[2025-11-17T20:36:02.688+0000] {logging_mixin.py:188} INFO - [2025-11-17T20:36:02.687+0000] {dagbag.py:538} INFO - Filling up the DagBag from /opt/airflow/dags/fraud_training_dag.py
[2025-11-17T20:36:02.694+0000] {processor.py:840} INFO - DAG(s) 'fraud_model_training' retrieved from /opt/airflow/dags/fraud_training_dag.py
[2025-11-17T20:36:02.706+0000] {logging_mixin.py:188} INFO - [2025-11-17T20:36:02.706+0000] {dag.py:3033} INFO - Sync 1 DAGs
[2025-11-17T20:36:02.712+0000] {logging_mixin.py:188} INFO - [2025-11-17T20:36:02.712+0000] {dag.py:3820} INFO - Setting next_dagrun for fraud_model_training to None, run_after=None
[2025-11-17T20:36:02.724+0000] {processor.py:183} INFO - Processing /opt/airflow/dags/fraud_training_dag.py took 0.039 seconds
[2025-11-17T20:36:33.081+0000] {processor.py:161} INFO - Started process (PID=78) to work on /opt/airflow/dags/fraud_training_dag.py
[2025-11-17T20:36:33.082+0000] {processor.py:830} INFO - Processing file /opt/airflow/dags/fraud_training_dag.py for tasks to queue
[2025-11-17T20:36:33.082+0000] {logging_mixin.py:188} INFO - [2025-11-17T20:36:33.082+0000] {dagbag.py:538} INFO - Filling up the DagBag from /opt/airflow/dags/fraud_training_dag.py
[2025-11-17T20:36:33.092+0000] {processor.py:840} INFO - DAG(s) 'fraud_model_training' retrieved from /opt/airflow/dags/fraud_training_dag.py
[2025-11-17T20:36:33.107+0000] {logging_mixin.py:188} INFO - [2025-11-17T20:36:33.107+0000] {dag.py:3033} INFO - Sync 1 DAGs
[2025-11-17T20:36:33.115+0000] {logging_mixin.py:188} INFO - [2025-11-17T20:36:33.115+0000] {dag.py:3820} INFO - Setting next_dagrun for fraud_model_training to None, run_after=None
[2025-11-17T20:36:33.127+0000] {processor.py:183} INFO - Processing /opt/airflow/dags/fraud_training_dag.py took 0.049 seconds
[2025-11-17T20:37:03.447+0000] {processor.py:161} INFO - Started process (PID=80) to work on /opt/airflow/dags/fraud_training_dag.py
[2025-11-17T20:37:03.448+0000] {processor.py:830} INFO - Processing file /opt/airflow/dags/fraud_training_dag.py for tasks to queue
[2025-11-17T20:37:03.449+0000] {logging_mixin.py:188} INFO - [2025-11-17T20:37:03.449+0000] {dagbag.py:538} INFO - Filling up the DagBag from /opt/airflow/dags/fraud_training_dag.py
[2025-11-17T20:37:03.462+0000] {processor.py:840} INFO - DAG(s) 'fraud_model_training' retrieved from /opt/airflow/dags/fraud_training_dag.py
[2025-11-17T20:37:03.483+0000] {logging_mixin.py:188} INFO - [2025-11-17T20:37:03.483+0000] {dag.py:3033} INFO - Sync 1 DAGs
[2025-11-17T20:37:03.490+0000] {logging_mixin.py:188} INFO - [2025-11-17T20:37:03.490+0000] {dag.py:3820} INFO - Setting next_dagrun for fraud_model_training to None, run_after=None
[2025-11-17T20:37:03.501+0000] {processor.py:183} INFO - Processing /opt/airflow/dags/fraud_training_dag.py took 0.058 seconds
[2025-11-17T20:37:33.779+0000] {processor.py:161} INFO - Started process (PID=82) to work on /opt/airflow/dags/fraud_training_dag.py
[2025-11-17T20:37:33.780+0000] {processor.py:830} INFO - Processing file /opt/airflow/dags/fraud_training_dag.py for tasks to queue
[2025-11-17T20:37:33.781+0000] {logging_mixin.py:188} INFO - [2025-11-17T20:37:33.781+0000] {dagbag.py:538} INFO - Filling up the DagBag from /opt/airflow/dags/fraud_training_dag.py
[2025-11-17T20:37:33.793+0000] {processor.py:840} INFO - DAG(s) 'fraud_model_training' retrieved from /opt/airflow/dags/fraud_training_dag.py
[2025-11-17T20:37:33.814+0000] {logging_mixin.py:188} INFO - [2025-11-17T20:37:33.814+0000] {dag.py:3033} INFO - Sync 1 DAGs
[2025-11-17T20:37:33.819+0000] {logging_mixin.py:188} INFO - [2025-11-17T20:37:33.819+0000] {dag.py:3820} INFO - Setting next_dagrun for fraud_model_training to None, run_after=None
[2025-11-17T20:37:33.829+0000] {processor.py:183} INFO - Processing /opt/airflow/dags/fraud_training_dag.py took 0.054 seconds
[2025-11-17T20:38:03.967+0000] {processor.py:161} INFO - Started process (PID=84) to work on /opt/airflow/dags/fraud_training_dag.py
[2025-11-17T20:38:03.968+0000] {processor.py:830} INFO - Processing file /opt/airflow/dags/fraud_training_dag.py for tasks to queue
[2025-11-17T20:38:03.969+0000] {logging_mixin.py:188} INFO - [2025-11-17T20:38:03.969+0000] {dagbag.py:538} INFO - Filling up the DagBag from /opt/airflow/dags/fraud_training_dag.py
[2025-11-17T20:38:03.983+0000] {processor.py:840} INFO - DAG(s) 'fraud_model_training' retrieved from /opt/airflow/dags/fraud_training_dag.py
[2025-11-17T20:38:04.005+0000] {logging_mixin.py:188} INFO - [2025-11-17T20:38:04.005+0000] {dag.py:3033} INFO - Sync 1 DAGs
[2025-11-17T20:38:04.011+0000] {logging_mixin.py:188} INFO - [2025-11-17T20:38:04.011+0000] {dag.py:3820} INFO - Setting next_dagrun for fraud_model_training to None, run_after=None
[2025-11-17T20:38:04.022+0000] {processor.py:183} INFO - Processing /opt/airflow/dags/fraud_training_dag.py took 0.060 seconds
[2025-11-17T20:38:34.417+0000] {processor.py:161} INFO - Started process (PID=86) to work on /opt/airflow/dags/fraud_training_dag.py
[2025-11-17T20:38:34.418+0000] {processor.py:830} INFO - Processing file /opt/airflow/dags/fraud_training_dag.py for tasks to queue
[2025-11-17T20:38:34.419+0000] {logging_mixin.py:188} INFO - [2025-11-17T20:38:34.419+0000] {dagbag.py:538} INFO - Filling up the DagBag from /opt/airflow/dags/fraud_training_dag.py
[2025-11-17T20:38:34.431+0000] {processor.py:840} INFO - DAG(s) 'fraud_model_training' retrieved from /opt/airflow/dags/fraud_training_dag.py
[2025-11-17T20:38:34.453+0000] {logging_mixin.py:188} INFO - [2025-11-17T20:38:34.453+0000] {dag.py:3033} INFO - Sync 1 DAGs
[2025-11-17T20:38:34.460+0000] {logging_mixin.py:188} INFO - [2025-11-17T20:38:34.460+0000] {dag.py:3820} INFO - Setting next_dagrun for fraud_model_training to None, run_after=None
[2025-11-17T20:38:34.470+0000] {processor.py:183} INFO - Processing /opt/airflow/dags/fraud_training_dag.py took 0.056 seconds
[2025-11-17T20:39:04.792+0000] {processor.py:161} INFO - Started process (PID=88) to work on /opt/airflow/dags/fraud_training_dag.py
[2025-11-17T20:39:04.793+0000] {processor.py:830} INFO - Processing file /opt/airflow/dags/fraud_training_dag.py for tasks to queue
[2025-11-17T20:39:04.794+0000] {logging_mixin.py:188} INFO - [2025-11-17T20:39:04.794+0000] {dagbag.py:538} INFO - Filling up the DagBag from /opt/airflow/dags/fraud_training_dag.py
[2025-11-17T20:39:04.807+0000] {processor.py:840} INFO - DAG(s) 'fraud_model_training' retrieved from /opt/airflow/dags/fraud_training_dag.py
[2025-11-17T20:39:04.828+0000] {logging_mixin.py:188} INFO - [2025-11-17T20:39:04.828+0000] {dag.py:3033} INFO - Sync 1 DAGs
[2025-11-17T20:39:04.834+0000] {logging_mixin.py:188} INFO - [2025-11-17T20:39:04.833+0000] {dag.py:3820} INFO - Setting next_dagrun for fraud_model_training to None, run_after=None
[2025-11-17T20:39:04.843+0000] {processor.py:183} INFO - Processing /opt/airflow/dags/fraud_training_dag.py took 0.055 seconds
[2025-11-17T20:39:35.189+0000] {processor.py:161} INFO - Started process (PID=90) to work on /opt/airflow/dags/fraud_training_dag.py
[2025-11-17T20:39:35.190+0000] {processor.py:830} INFO - Processing file /opt/airflow/dags/fraud_training_dag.py for tasks to queue
[2025-11-17T20:39:35.191+0000] {logging_mixin.py:188} INFO - [2025-11-17T20:39:35.191+0000] {dagbag.py:538} INFO - Filling up the DagBag from /opt/airflow/dags/fraud_training_dag.py
[2025-11-17T20:39:35.204+0000] {processor.py:840} INFO - DAG(s) 'fraud_model_training' retrieved from /opt/airflow/dags/fraud_training_dag.py
[2025-11-17T20:39:35.225+0000] {logging_mixin.py:188} INFO - [2025-11-17T20:39:35.224+0000] {dag.py:3033} INFO - Sync 1 DAGs
[2025-11-17T20:39:35.230+0000] {logging_mixin.py:188} INFO - [2025-11-17T20:39:35.230+0000] {dag.py:3820} INFO - Setting next_dagrun for fraud_model_training to None, run_after=None
[2025-11-17T20:39:35.241+0000] {processor.py:183} INFO - Processing /opt/airflow/dags/fraud_training_dag.py took 0.055 seconds
[2025-11-17T20:40:05.475+0000] {processor.py:161} INFO - Started process (PID=92) to work on /opt/airflow/dags/fraud_training_dag.py
[2025-11-17T20:40:05.477+0000] {processor.py:830} INFO - Processing file /opt/airflow/dags/fraud_training_dag.py for tasks to queue
[2025-11-17T20:40:05.477+0000] {logging_mixin.py:188} INFO - [2025-11-17T20:40:05.477+0000] {dagbag.py:538} INFO - Filling up the DagBag from /opt/airflow/dags/fraud_training_dag.py
[2025-11-17T20:40:05.488+0000] {processor.py:840} INFO - DAG(s) 'fraud_model_training' retrieved from /opt/airflow/dags/fraud_training_dag.py
[2025-11-17T20:40:05.510+0000] {logging_mixin.py:188} INFO - [2025-11-17T20:40:05.510+0000] {dag.py:3033} INFO - Sync 1 DAGs
[2025-11-17T20:40:05.516+0000] {logging_mixin.py:188} INFO - [2025-11-17T20:40:05.516+0000] {dag.py:3820} INFO - Setting next_dagrun for fraud_model_training to None, run_after=None
[2025-11-17T20:40:05.525+0000] {processor.py:183} INFO - Processing /opt/airflow/dags/fraud_training_dag.py took 0.054 seconds
[2025-11-17T20:40:35.870+0000] {processor.py:161} INFO - Started process (PID=94) to work on /opt/airflow/dags/fraud_training_dag.py
[2025-11-17T20:40:35.871+0000] {processor.py:830} INFO - Processing file /opt/airflow/dags/fraud_training_dag.py for tasks to queue
[2025-11-17T20:40:35.872+0000] {logging_mixin.py:188} INFO - [2025-11-17T20:40:35.872+0000] {dagbag.py:538} INFO - Filling up the DagBag from /opt/airflow/dags/fraud_training_dag.py
[2025-11-17T20:40:35.884+0000] {processor.py:840} INFO - DAG(s) 'fraud_model_training' retrieved from /opt/airflow/dags/fraud_training_dag.py
[2025-11-17T20:40:35.908+0000] {logging_mixin.py:188} INFO - [2025-11-17T20:40:35.908+0000] {dag.py:3033} INFO - Sync 1 DAGs
[2025-11-17T20:40:35.916+0000] {logging_mixin.py:188} INFO - [2025-11-17T20:40:35.915+0000] {dag.py:3820} INFO - Setting next_dagrun for fraud_model_training to None, run_after=None
[2025-11-17T20:40:35.926+0000] {processor.py:183} INFO - Processing /opt/airflow/dags/fraud_training_dag.py took 0.060 seconds
[2025-11-17T20:41:06.241+0000] {processor.py:161} INFO - Started process (PID=96) to work on /opt/airflow/dags/fraud_training_dag.py
[2025-11-17T20:41:06.242+0000] {processor.py:830} INFO - Processing file /opt/airflow/dags/fraud_training_dag.py for tasks to queue
[2025-11-17T20:41:06.243+0000] {logging_mixin.py:188} INFO - [2025-11-17T20:41:06.243+0000] {dagbag.py:538} INFO - Filling up the DagBag from /opt/airflow/dags/fraud_training_dag.py
[2025-11-17T20:41:06.254+0000] {processor.py:840} INFO - DAG(s) 'fraud_model_training' retrieved from /opt/airflow/dags/fraud_training_dag.py
[2025-11-17T20:41:06.269+0000] {logging_mixin.py:188} INFO - [2025-11-17T20:41:06.269+0000] {dag.py:3033} INFO - Sync 1 DAGs
[2025-11-17T20:41:06.274+0000] {logging_mixin.py:188} INFO - [2025-11-17T20:41:06.274+0000] {dag.py:3820} INFO - Setting next_dagrun for fraud_model_training to None, run_after=None
[2025-11-17T20:41:06.285+0000] {processor.py:183} INFO - Processing /opt/airflow/dags/fraud_training_dag.py took 0.048 seconds
[2025-11-17T20:41:36.634+0000] {processor.py:161} INFO - Started process (PID=98) to work on /opt/airflow/dags/fraud_training_dag.py
[2025-11-17T20:41:36.635+0000] {processor.py:830} INFO - Processing file /opt/airflow/dags/fraud_training_dag.py for tasks to queue
[2025-11-17T20:41:36.636+0000] {logging_mixin.py:188} INFO - [2025-11-17T20:41:36.635+0000] {dagbag.py:538} INFO - Filling up the DagBag from /opt/airflow/dags/fraud_training_dag.py
[2025-11-17T20:41:36.648+0000] {processor.py:840} INFO - DAG(s) 'fraud_model_training' retrieved from /opt/airflow/dags/fraud_training_dag.py
[2025-11-17T20:41:36.671+0000] {logging_mixin.py:188} INFO - [2025-11-17T20:41:36.671+0000] {dag.py:3033} INFO - Sync 1 DAGs
[2025-11-17T20:41:36.679+0000] {logging_mixin.py:188} INFO - [2025-11-17T20:41:36.679+0000] {dag.py:3820} INFO - Setting next_dagrun for fraud_model_training to None, run_after=None
[2025-11-17T20:41:36.690+0000] {processor.py:183} INFO - Processing /opt/airflow/dags/fraud_training_dag.py took 0.059 seconds
[2025-11-17T20:42:06.947+0000] {processor.py:161} INFO - Started process (PID=100) to work on /opt/airflow/dags/fraud_training_dag.py
[2025-11-17T20:42:06.948+0000] {processor.py:830} INFO - Processing file /opt/airflow/dags/fraud_training_dag.py for tasks to queue
[2025-11-17T20:42:06.949+0000] {logging_mixin.py:188} INFO - [2025-11-17T20:42:06.949+0000] {dagbag.py:538} INFO - Filling up the DagBag from /opt/airflow/dags/fraud_training_dag.py
[2025-11-17T20:42:06.962+0000] {processor.py:840} INFO - DAG(s) 'fraud_model_training' retrieved from /opt/airflow/dags/fraud_training_dag.py
[2025-11-17T20:42:06.985+0000] {logging_mixin.py:188} INFO - [2025-11-17T20:42:06.985+0000] {dag.py:3033} INFO - Sync 1 DAGs
[2025-11-17T20:42:06.992+0000] {logging_mixin.py:188} INFO - [2025-11-17T20:42:06.992+0000] {dag.py:3820} INFO - Setting next_dagrun for fraud_model_training to None, run_after=None
[2025-11-17T20:42:07.002+0000] {processor.py:183} INFO - Processing /opt/airflow/dags/fraud_training_dag.py took 0.059 seconds
[2025-11-17T20:42:37.067+0000] {processor.py:161} INFO - Started process (PID=102) to work on /opt/airflow/dags/fraud_training_dag.py
[2025-11-17T20:42:37.069+0000] {processor.py:830} INFO - Processing file /opt/airflow/dags/fraud_training_dag.py for tasks to queue
[2025-11-17T20:42:37.070+0000] {logging_mixin.py:188} INFO - [2025-11-17T20:42:37.069+0000] {dagbag.py:538} INFO - Filling up the DagBag from /opt/airflow/dags/fraud_training_dag.py
[2025-11-17T20:42:37.082+0000] {processor.py:840} INFO - DAG(s) 'fraud_model_training' retrieved from /opt/airflow/dags/fraud_training_dag.py
[2025-11-17T20:42:37.102+0000] {logging_mixin.py:188} INFO - [2025-11-17T20:42:37.102+0000] {dag.py:3033} INFO - Sync 1 DAGs
[2025-11-17T20:42:37.108+0000] {logging_mixin.py:188} INFO - [2025-11-17T20:42:37.108+0000] {dag.py:3820} INFO - Setting next_dagrun for fraud_model_training to None, run_after=None
[2025-11-17T20:42:37.119+0000] {processor.py:183} INFO - Processing /opt/airflow/dags/fraud_training_dag.py took 0.056 seconds
[2025-11-17T20:43:07.210+0000] {processor.py:161} INFO - Started process (PID=104) to work on /opt/airflow/dags/fraud_training_dag.py
[2025-11-17T20:43:07.211+0000] {processor.py:830} INFO - Processing file /opt/airflow/dags/fraud_training_dag.py for tasks to queue
[2025-11-17T20:43:07.211+0000] {logging_mixin.py:188} INFO - [2025-11-17T20:43:07.211+0000] {dagbag.py:538} INFO - Filling up the DagBag from /opt/airflow/dags/fraud_training_dag.py
[2025-11-17T20:43:07.221+0000] {processor.py:840} INFO - DAG(s) 'fraud_model_training' retrieved from /opt/airflow/dags/fraud_training_dag.py
[2025-11-17T20:43:07.237+0000] {logging_mixin.py:188} INFO - [2025-11-17T20:43:07.237+0000] {dag.py:3033} INFO - Sync 1 DAGs
[2025-11-17T20:43:07.244+0000] {logging_mixin.py:188} INFO - [2025-11-17T20:43:07.244+0000] {dag.py:3820} INFO - Setting next_dagrun for fraud_model_training to None, run_after=None
[2025-11-17T20:43:07.256+0000] {processor.py:183} INFO - Processing /opt/airflow/dags/fraud_training_dag.py took 0.049 seconds
[2025-11-17T20:43:37.914+0000] {processor.py:161} INFO - Started process (PID=106) to work on /opt/airflow/dags/fraud_training_dag.py
[2025-11-17T20:43:37.915+0000] {processor.py:830} INFO - Processing file /opt/airflow/dags/fraud_training_dag.py for tasks to queue
[2025-11-17T20:43:37.916+0000] {logging_mixin.py:188} INFO - [2025-11-17T20:43:37.916+0000] {dagbag.py:538} INFO - Filling up the DagBag from /opt/airflow/dags/fraud_training_dag.py
[2025-11-17T20:43:37.930+0000] {processor.py:840} INFO - DAG(s) 'fraud_model_training' retrieved from /opt/airflow/dags/fraud_training_dag.py
[2025-11-17T20:43:37.953+0000] {logging_mixin.py:188} INFO - [2025-11-17T20:43:37.952+0000] {dag.py:3033} INFO - Sync 1 DAGs
[2025-11-17T20:43:37.960+0000] {logging_mixin.py:188} INFO - [2025-11-17T20:43:37.960+0000] {dag.py:3820} INFO - Setting next_dagrun for fraud_model_training to None, run_after=None
[2025-11-17T20:43:37.970+0000] {processor.py:183} INFO - Processing /opt/airflow/dags/fraud_training_dag.py took 0.060 seconds
[2025-11-17T20:44:08.238+0000] {processor.py:161} INFO - Started process (PID=108) to work on /opt/airflow/dags/fraud_training_dag.py
[2025-11-17T20:44:08.239+0000] {processor.py:830} INFO - Processing file /opt/airflow/dags/fraud_training_dag.py for tasks to queue
[2025-11-17T20:44:08.239+0000] {logging_mixin.py:188} INFO - [2025-11-17T20:44:08.239+0000] {dagbag.py:538} INFO - Filling up the DagBag from /opt/airflow/dags/fraud_training_dag.py
[2025-11-17T20:44:08.246+0000] {processor.py:840} INFO - DAG(s) 'fraud_model_training' retrieved from /opt/airflow/dags/fraud_training_dag.py
[2025-11-17T20:44:08.260+0000] {logging_mixin.py:188} INFO - [2025-11-17T20:44:08.260+0000] {dag.py:3033} INFO - Sync 1 DAGs
[2025-11-17T20:44:08.267+0000] {logging_mixin.py:188} INFO - [2025-11-17T20:44:08.267+0000] {dag.py:3820} INFO - Setting next_dagrun for fraud_model_training to None, run_after=None
[2025-11-17T20:44:08.278+0000] {processor.py:183} INFO - Processing /opt/airflow/dags/fraud_training_dag.py took 0.043 seconds
[2025-11-17T20:44:38.573+0000] {processor.py:161} INFO - Started process (PID=110) to work on /opt/airflow/dags/fraud_training_dag.py
[2025-11-17T20:44:38.574+0000] {processor.py:830} INFO - Processing file /opt/airflow/dags/fraud_training_dag.py for tasks to queue
[2025-11-17T20:44:38.575+0000] {logging_mixin.py:188} INFO - [2025-11-17T20:44:38.574+0000] {dagbag.py:538} INFO - Filling up the DagBag from /opt/airflow/dags/fraud_training_dag.py
[2025-11-17T20:44:38.582+0000] {processor.py:840} INFO - DAG(s) 'fraud_model_training' retrieved from /opt/airflow/dags/fraud_training_dag.py
[2025-11-17T20:44:38.596+0000] {logging_mixin.py:188} INFO - [2025-11-17T20:44:38.596+0000] {dag.py:3033} INFO - Sync 1 DAGs
[2025-11-17T20:44:38.601+0000] {logging_mixin.py:188} INFO - [2025-11-17T20:44:38.601+0000] {dag.py:3820} INFO - Setting next_dagrun for fraud_model_training to None, run_after=None
[2025-11-17T20:44:38.611+0000] {processor.py:183} INFO - Processing /opt/airflow/dags/fraud_training_dag.py took 0.041 seconds
[2025-11-17T20:45:08.934+0000] {processor.py:161} INFO - Started process (PID=112) to work on /opt/airflow/dags/fraud_training_dag.py
[2025-11-17T20:45:08.935+0000] {processor.py:830} INFO - Processing file /opt/airflow/dags/fraud_training_dag.py for tasks to queue
[2025-11-17T20:45:08.936+0000] {logging_mixin.py:188} INFO - [2025-11-17T20:45:08.936+0000] {dagbag.py:538} INFO - Filling up the DagBag from /opt/airflow/dags/fraud_training_dag.py
[2025-11-17T20:45:08.950+0000] {processor.py:840} INFO - DAG(s) 'fraud_model_training' retrieved from /opt/airflow/dags/fraud_training_dag.py
[2025-11-17T20:45:08.973+0000] {logging_mixin.py:188} INFO - [2025-11-17T20:45:08.973+0000] {dag.py:3033} INFO - Sync 1 DAGs
[2025-11-17T20:45:08.981+0000] {logging_mixin.py:188} INFO - [2025-11-17T20:45:08.981+0000] {dag.py:3820} INFO - Setting next_dagrun for fraud_model_training to None, run_after=None
[2025-11-17T20:45:08.991+0000] {processor.py:183} INFO - Processing /opt/airflow/dags/fraud_training_dag.py took 0.062 seconds
[2025-11-17T20:45:39.278+0000] {processor.py:161} INFO - Started process (PID=114) to work on /opt/airflow/dags/fraud_training_dag.py
[2025-11-17T20:45:39.279+0000] {processor.py:830} INFO - Processing file /opt/airflow/dags/fraud_training_dag.py for tasks to queue
[2025-11-17T20:45:39.280+0000] {logging_mixin.py:188} INFO - [2025-11-17T20:45:39.280+0000] {dagbag.py:538} INFO - Filling up the DagBag from /opt/airflow/dags/fraud_training_dag.py
[2025-11-17T20:45:39.291+0000] {processor.py:840} INFO - DAG(s) 'fraud_model_training' retrieved from /opt/airflow/dags/fraud_training_dag.py
[2025-11-17T20:45:39.311+0000] {logging_mixin.py:188} INFO - [2025-11-17T20:45:39.311+0000] {dag.py:3033} INFO - Sync 1 DAGs
[2025-11-17T20:45:39.317+0000] {logging_mixin.py:188} INFO - [2025-11-17T20:45:39.317+0000] {dag.py:3820} INFO - Setting next_dagrun for fraud_model_training to None, run_after=None
[2025-11-17T20:45:39.327+0000] {processor.py:183} INFO - Processing /opt/airflow/dags/fraud_training_dag.py took 0.052 seconds
[2025-11-17T20:46:09.679+0000] {processor.py:161} INFO - Started process (PID=116) to work on /opt/airflow/dags/fraud_training_dag.py
[2025-11-17T20:46:09.680+0000] {processor.py:830} INFO - Processing file /opt/airflow/dags/fraud_training_dag.py for tasks to queue
[2025-11-17T20:46:09.681+0000] {logging_mixin.py:188} INFO - [2025-11-17T20:46:09.681+0000] {dagbag.py:538} INFO - Filling up the DagBag from /opt/airflow/dags/fraud_training_dag.py
[2025-11-17T20:46:09.693+0000] {processor.py:840} INFO - DAG(s) 'fraud_model_training' retrieved from /opt/airflow/dags/fraud_training_dag.py
[2025-11-17T20:46:09.714+0000] {logging_mixin.py:188} INFO - [2025-11-17T20:46:09.714+0000] {dag.py:3033} INFO - Sync 1 DAGs
[2025-11-17T20:46:09.721+0000] {logging_mixin.py:188} INFO - [2025-11-17T20:46:09.720+0000] {dag.py:3820} INFO - Setting next_dagrun for fraud_model_training to None, run_after=None
[2025-11-17T20:46:09.731+0000] {processor.py:183} INFO - Processing /opt/airflow/dags/fraud_training_dag.py took 0.055 seconds
[2025-11-17T20:46:40.067+0000] {processor.py:161} INFO - Started process (PID=118) to work on /opt/airflow/dags/fraud_training_dag.py
[2025-11-17T20:46:40.069+0000] {processor.py:830} INFO - Processing file /opt/airflow/dags/fraud_training_dag.py for tasks to queue
[2025-11-17T20:46:40.069+0000] {logging_mixin.py:188} INFO - [2025-11-17T20:46:40.069+0000] {dagbag.py:538} INFO - Filling up the DagBag from /opt/airflow/dags/fraud_training_dag.py
[2025-11-17T20:46:40.080+0000] {processor.py:840} INFO - DAG(s) 'fraud_model_training' retrieved from /opt/airflow/dags/fraud_training_dag.py
[2025-11-17T20:46:40.101+0000] {logging_mixin.py:188} INFO - [2025-11-17T20:46:40.101+0000] {dag.py:3033} INFO - Sync 1 DAGs
[2025-11-17T20:46:40.107+0000] {logging_mixin.py:188} INFO - [2025-11-17T20:46:40.107+0000] {dag.py:3820} INFO - Setting next_dagrun for fraud_model_training to None, run_after=None
[2025-11-17T20:46:40.117+0000] {processor.py:183} INFO - Processing /opt/airflow/dags/fraud_training_dag.py took 0.053 seconds
[2025-11-17T20:47:10.897+0000] {processor.py:161} INFO - Started process (PID=189) to work on /opt/airflow/dags/fraud_training_dag.py
[2025-11-17T20:47:10.898+0000] {processor.py:830} INFO - Processing file /opt/airflow/dags/fraud_training_dag.py for tasks to queue
[2025-11-17T20:47:10.899+0000] {logging_mixin.py:188} INFO - [2025-11-17T20:47:10.898+0000] {dagbag.py:538} INFO - Filling up the DagBag from /opt/airflow/dags/fraud_training_dag.py
[2025-11-17T20:47:10.908+0000] {processor.py:840} INFO - DAG(s) 'fraud_model_training' retrieved from /opt/airflow/dags/fraud_training_dag.py
[2025-11-17T20:47:10.922+0000] {logging_mixin.py:188} INFO - [2025-11-17T20:47:10.922+0000] {dag.py:3033} INFO - Sync 1 DAGs
[2025-11-17T20:47:10.929+0000] {logging_mixin.py:188} INFO - [2025-11-17T20:47:10.928+0000] {dag.py:3820} INFO - Setting next_dagrun for fraud_model_training to None, run_after=None
[2025-11-17T20:47:10.940+0000] {processor.py:183} INFO - Processing /opt/airflow/dags/fraud_training_dag.py took 0.045 seconds
[2025-11-17T20:47:41.296+0000] {processor.py:161} INFO - Started process (PID=191) to work on /opt/airflow/dags/fraud_training_dag.py
[2025-11-17T20:47:41.297+0000] {processor.py:830} INFO - Processing file /opt/airflow/dags/fraud_training_dag.py for tasks to queue
[2025-11-17T20:47:41.297+0000] {logging_mixin.py:188} INFO - [2025-11-17T20:47:41.297+0000] {dagbag.py:538} INFO - Filling up the DagBag from /opt/airflow/dags/fraud_training_dag.py
[2025-11-17T20:47:41.304+0000] {processor.py:840} INFO - DAG(s) 'fraud_model_training' retrieved from /opt/airflow/dags/fraud_training_dag.py
[2025-11-17T20:47:41.318+0000] {logging_mixin.py:188} INFO - [2025-11-17T20:47:41.318+0000] {dag.py:3033} INFO - Sync 1 DAGs
[2025-11-17T20:47:41.327+0000] {logging_mixin.py:188} INFO - [2025-11-17T20:47:41.327+0000] {dag.py:3820} INFO - Setting next_dagrun for fraud_model_training to None, run_after=None
[2025-11-17T20:47:41.340+0000] {processor.py:183} INFO - Processing /opt/airflow/dags/fraud_training_dag.py took 0.046 seconds
[2025-11-17T20:48:11.646+0000] {processor.py:161} INFO - Started process (PID=193) to work on /opt/airflow/dags/fraud_training_dag.py
[2025-11-17T20:48:11.647+0000] {processor.py:830} INFO - Processing file /opt/airflow/dags/fraud_training_dag.py for tasks to queue
[2025-11-17T20:48:11.647+0000] {logging_mixin.py:188} INFO - [2025-11-17T20:48:11.647+0000] {dagbag.py:538} INFO - Filling up the DagBag from /opt/airflow/dags/fraud_training_dag.py
[2025-11-17T20:48:11.654+0000] {processor.py:840} INFO - DAG(s) 'fraud_model_training' retrieved from /opt/airflow/dags/fraud_training_dag.py
[2025-11-17T20:48:11.669+0000] {logging_mixin.py:188} INFO - [2025-11-17T20:48:11.669+0000] {dag.py:3033} INFO - Sync 1 DAGs
[2025-11-17T20:48:11.675+0000] {logging_mixin.py:188} INFO - [2025-11-17T20:48:11.674+0000] {dag.py:3820} INFO - Setting next_dagrun for fraud_model_training to None, run_after=None
[2025-11-17T20:48:11.685+0000] {processor.py:183} INFO - Processing /opt/airflow/dags/fraud_training_dag.py took 0.041 seconds
[2025-11-17T20:48:42.044+0000] {processor.py:161} INFO - Started process (PID=195) to work on /opt/airflow/dags/fraud_training_dag.py
[2025-11-17T20:48:42.045+0000] {processor.py:830} INFO - Processing file /opt/airflow/dags/fraud_training_dag.py for tasks to queue
[2025-11-17T20:48:42.046+0000] {logging_mixin.py:188} INFO - [2025-11-17T20:48:42.045+0000] {dagbag.py:538} INFO - Filling up the DagBag from /opt/airflow/dags/fraud_training_dag.py
[2025-11-17T20:48:42.059+0000] {processor.py:840} INFO - DAG(s) 'fraud_model_training' retrieved from /opt/airflow/dags/fraud_training_dag.py
[2025-11-17T20:48:42.080+0000] {logging_mixin.py:188} INFO - [2025-11-17T20:48:42.080+0000] {dag.py:3033} INFO - Sync 1 DAGs
[2025-11-17T20:48:42.086+0000] {logging_mixin.py:188} INFO - [2025-11-17T20:48:42.086+0000] {dag.py:3820} INFO - Setting next_dagrun for fraud_model_training to None, run_after=None
[2025-11-17T20:48:42.097+0000] {processor.py:183} INFO - Processing /opt/airflow/dags/fraud_training_dag.py took 0.057 seconds
[2025-11-17T20:49:12.486+0000] {processor.py:161} INFO - Started process (PID=197) to work on /opt/airflow/dags/fraud_training_dag.py
[2025-11-17T20:49:12.487+0000] {processor.py:830} INFO - Processing file /opt/airflow/dags/fraud_training_dag.py for tasks to queue
[2025-11-17T20:49:12.488+0000] {logging_mixin.py:188} INFO - [2025-11-17T20:49:12.488+0000] {dagbag.py:538} INFO - Filling up the DagBag from /opt/airflow/dags/fraud_training_dag.py
[2025-11-17T20:49:12.500+0000] {processor.py:840} INFO - DAG(s) 'fraud_model_training' retrieved from /opt/airflow/dags/fraud_training_dag.py
[2025-11-17T20:49:12.521+0000] {logging_mixin.py:188} INFO - [2025-11-17T20:49:12.520+0000] {dag.py:3033} INFO - Sync 1 DAGs
[2025-11-17T20:49:12.527+0000] {logging_mixin.py:188} INFO - [2025-11-17T20:49:12.527+0000] {dag.py:3820} INFO - Setting next_dagrun for fraud_model_training to None, run_after=None
[2025-11-17T20:49:12.536+0000] {processor.py:183} INFO - Processing /opt/airflow/dags/fraud_training_dag.py took 0.054 seconds
[2025-11-17T20:49:42.858+0000] {processor.py:161} INFO - Started process (PID=199) to work on /opt/airflow/dags/fraud_training_dag.py
[2025-11-17T20:49:42.859+0000] {processor.py:830} INFO - Processing file /opt/airflow/dags/fraud_training_dag.py for tasks to queue
[2025-11-17T20:49:42.860+0000] {logging_mixin.py:188} INFO - [2025-11-17T20:49:42.860+0000] {dagbag.py:538} INFO - Filling up the DagBag from /opt/airflow/dags/fraud_training_dag.py
[2025-11-17T20:49:42.872+0000] {processor.py:840} INFO - DAG(s) 'fraud_model_training' retrieved from /opt/airflow/dags/fraud_training_dag.py
[2025-11-17T20:49:42.891+0000] {logging_mixin.py:188} INFO - [2025-11-17T20:49:42.891+0000] {dag.py:3033} INFO - Sync 1 DAGs
[2025-11-17T20:49:42.896+0000] {logging_mixin.py:188} INFO - [2025-11-17T20:49:42.896+0000] {dag.py:3820} INFO - Setting next_dagrun for fraud_model_training to None, run_after=None
[2025-11-17T20:49:42.906+0000] {processor.py:183} INFO - Processing /opt/airflow/dags/fraud_training_dag.py took 0.053 seconds
[2025-11-17T20:50:13.091+0000] {processor.py:161} INFO - Started process (PID=201) to work on /opt/airflow/dags/fraud_training_dag.py
[2025-11-17T20:50:13.092+0000] {processor.py:830} INFO - Processing file /opt/airflow/dags/fraud_training_dag.py for tasks to queue
[2025-11-17T20:50:13.093+0000] {logging_mixin.py:188} INFO - [2025-11-17T20:50:13.093+0000] {dagbag.py:538} INFO - Filling up the DagBag from /opt/airflow/dags/fraud_training_dag.py
[2025-11-17T20:50:13.106+0000] {processor.py:840} INFO - DAG(s) 'fraud_model_training' retrieved from /opt/airflow/dags/fraud_training_dag.py
[2025-11-17T20:50:13.129+0000] {logging_mixin.py:188} INFO - [2025-11-17T20:50:13.129+0000] {dag.py:3033} INFO - Sync 1 DAGs
[2025-11-17T20:50:13.136+0000] {logging_mixin.py:188} INFO - [2025-11-17T20:50:13.135+0000] {dag.py:3820} INFO - Setting next_dagrun for fraud_model_training to None, run_after=None
[2025-11-17T20:50:13.145+0000] {processor.py:183} INFO - Processing /opt/airflow/dags/fraud_training_dag.py took 0.058 seconds
[2025-11-17T20:50:43.325+0000] {processor.py:161} INFO - Started process (PID=203) to work on /opt/airflow/dags/fraud_training_dag.py
[2025-11-17T20:50:43.326+0000] {processor.py:830} INFO - Processing file /opt/airflow/dags/fraud_training_dag.py for tasks to queue
[2025-11-17T20:50:43.327+0000] {logging_mixin.py:188} INFO - [2025-11-17T20:50:43.327+0000] {dagbag.py:538} INFO - Filling up the DagBag from /opt/airflow/dags/fraud_training_dag.py
[2025-11-17T20:50:43.339+0000] {processor.py:840} INFO - DAG(s) 'fraud_model_training' retrieved from /opt/airflow/dags/fraud_training_dag.py
[2025-11-17T20:50:43.356+0000] {logging_mixin.py:188} INFO - [2025-11-17T20:50:43.356+0000] {dag.py:3033} INFO - Sync 1 DAGs
[2025-11-17T20:50:43.362+0000] {logging_mixin.py:188} INFO - [2025-11-17T20:50:43.362+0000] {dag.py:3820} INFO - Setting next_dagrun for fraud_model_training to None, run_after=None
[2025-11-17T20:50:43.373+0000] {processor.py:183} INFO - Processing /opt/airflow/dags/fraud_training_dag.py took 0.052 seconds
[2025-11-17T20:51:13.642+0000] {processor.py:161} INFO - Started process (PID=205) to work on /opt/airflow/dags/fraud_training_dag.py
[2025-11-17T20:51:13.643+0000] {processor.py:830} INFO - Processing file /opt/airflow/dags/fraud_training_dag.py for tasks to queue
[2025-11-17T20:51:13.644+0000] {logging_mixin.py:188} INFO - [2025-11-17T20:51:13.644+0000] {dagbag.py:538} INFO - Filling up the DagBag from /opt/airflow/dags/fraud_training_dag.py
[2025-11-17T20:51:13.656+0000] {processor.py:840} INFO - DAG(s) 'fraud_model_training' retrieved from /opt/airflow/dags/fraud_training_dag.py
[2025-11-17T20:51:13.677+0000] {logging_mixin.py:188} INFO - [2025-11-17T20:51:13.677+0000] {dag.py:3033} INFO - Sync 1 DAGs
[2025-11-17T20:51:13.683+0000] {logging_mixin.py:188} INFO - [2025-11-17T20:51:13.683+0000] {dag.py:3820} INFO - Setting next_dagrun for fraud_model_training to None, run_after=None
[2025-11-17T20:51:13.693+0000] {processor.py:183} INFO - Processing /opt/airflow/dags/fraud_training_dag.py took 0.054 seconds
[2025-11-17T20:51:43.874+0000] {processor.py:161} INFO - Started process (PID=207) to work on /opt/airflow/dags/fraud_training_dag.py
[2025-11-17T20:51:43.875+0000] {processor.py:830} INFO - Processing file /opt/airflow/dags/fraud_training_dag.py for tasks to queue
[2025-11-17T20:51:43.876+0000] {logging_mixin.py:188} INFO - [2025-11-17T20:51:43.876+0000] {dagbag.py:538} INFO - Filling up the DagBag from /opt/airflow/dags/fraud_training_dag.py
[2025-11-17T20:51:43.889+0000] {processor.py:840} INFO - DAG(s) 'fraud_model_training' retrieved from /opt/airflow/dags/fraud_training_dag.py
[2025-11-17T20:51:43.909+0000] {logging_mixin.py:188} INFO - [2025-11-17T20:51:43.909+0000] {dag.py:3033} INFO - Sync 1 DAGs
[2025-11-17T20:51:43.915+0000] {logging_mixin.py:188} INFO - [2025-11-17T20:51:43.915+0000] {dag.py:3820} INFO - Setting next_dagrun for fraud_model_training to None, run_after=None
[2025-11-17T20:51:43.925+0000] {processor.py:183} INFO - Processing /opt/airflow/dags/fraud_training_dag.py took 0.056 seconds
[2025-11-17T20:52:14.098+0000] {processor.py:161} INFO - Started process (PID=277) to work on /opt/airflow/dags/fraud_training_dag.py
[2025-11-17T20:52:14.099+0000] {processor.py:830} INFO - Processing file /opt/airflow/dags/fraud_training_dag.py for tasks to queue
[2025-11-17T20:52:14.100+0000] {logging_mixin.py:188} INFO - [2025-11-17T20:52:14.100+0000] {dagbag.py:538} INFO - Filling up the DagBag from /opt/airflow/dags/fraud_training_dag.py
[2025-11-17T20:52:14.111+0000] {processor.py:840} INFO - DAG(s) 'fraud_model_training' retrieved from /opt/airflow/dags/fraud_training_dag.py
[2025-11-17T20:52:14.131+0000] {logging_mixin.py:188} INFO - [2025-11-17T20:52:14.131+0000] {dag.py:3033} INFO - Sync 1 DAGs
[2025-11-17T20:52:14.136+0000] {logging_mixin.py:188} INFO - [2025-11-17T20:52:14.136+0000] {dag.py:3820} INFO - Setting next_dagrun for fraud_model_training to None, run_after=None
[2025-11-17T20:52:14.146+0000] {processor.py:183} INFO - Processing /opt/airflow/dags/fraud_training_dag.py took 0.053 seconds
[2025-11-17T20:52:44.336+0000] {processor.py:161} INFO - Started process (PID=279) to work on /opt/airflow/dags/fraud_training_dag.py
[2025-11-17T20:52:44.337+0000] {processor.py:830} INFO - Processing file /opt/airflow/dags/fraud_training_dag.py for tasks to queue
[2025-11-17T20:52:44.338+0000] {logging_mixin.py:188} INFO - [2025-11-17T20:52:44.337+0000] {dagbag.py:538} INFO - Filling up the DagBag from /opt/airflow/dags/fraud_training_dag.py
[2025-11-17T20:52:44.345+0000] {processor.py:840} INFO - DAG(s) 'fraud_model_training' retrieved from /opt/airflow/dags/fraud_training_dag.py
[2025-11-17T20:52:44.357+0000] {logging_mixin.py:188} INFO - [2025-11-17T20:52:44.357+0000] {dag.py:3033} INFO - Sync 1 DAGs
[2025-11-17T20:52:44.362+0000] {logging_mixin.py:188} INFO - [2025-11-17T20:52:44.362+0000] {dag.py:3820} INFO - Setting next_dagrun for fraud_model_training to None, run_after=None
[2025-11-17T20:52:44.373+0000] {processor.py:183} INFO - Processing /opt/airflow/dags/fraud_training_dag.py took 0.038 seconds
[2025-11-17T20:53:14.577+0000] {processor.py:161} INFO - Started process (PID=281) to work on /opt/airflow/dags/fraud_training_dag.py
[2025-11-17T20:53:14.579+0000] {processor.py:830} INFO - Processing file /opt/airflow/dags/fraud_training_dag.py for tasks to queue
[2025-11-17T20:53:14.580+0000] {logging_mixin.py:188} INFO - [2025-11-17T20:53:14.579+0000] {dagbag.py:538} INFO - Filling up the DagBag from /opt/airflow/dags/fraud_training_dag.py
[2025-11-17T20:53:14.592+0000] {processor.py:840} INFO - DAG(s) 'fraud_model_training' retrieved from /opt/airflow/dags/fraud_training_dag.py
[2025-11-17T20:53:14.612+0000] {logging_mixin.py:188} INFO - [2025-11-17T20:53:14.612+0000] {dag.py:3033} INFO - Sync 1 DAGs
[2025-11-17T20:53:14.618+0000] {logging_mixin.py:188} INFO - [2025-11-17T20:53:14.618+0000] {dag.py:3820} INFO - Setting next_dagrun for fraud_model_training to None, run_after=None
[2025-11-17T20:53:14.628+0000] {processor.py:183} INFO - Processing /opt/airflow/dags/fraud_training_dag.py took 0.054 seconds
[2025-11-17T20:53:44.812+0000] {processor.py:161} INFO - Started process (PID=283) to work on /opt/airflow/dags/fraud_training_dag.py
[2025-11-17T20:53:44.818+0000] {processor.py:830} INFO - Processing file /opt/airflow/dags/fraud_training_dag.py for tasks to queue
[2025-11-17T20:53:44.819+0000] {logging_mixin.py:188} INFO - [2025-11-17T20:53:44.818+0000] {dagbag.py:538} INFO - Filling up the DagBag from /opt/airflow/dags/fraud_training_dag.py
[2025-11-17T20:53:44.834+0000] {processor.py:840} INFO - DAG(s) 'fraud_model_training' retrieved from /opt/airflow/dags/fraud_training_dag.py
[2025-11-17T20:53:44.853+0000] {logging_mixin.py:188} INFO - [2025-11-17T20:53:44.853+0000] {dag.py:3033} INFO - Sync 1 DAGs
[2025-11-17T20:53:44.858+0000] {logging_mixin.py:188} INFO - [2025-11-17T20:53:44.858+0000] {dag.py:3820} INFO - Setting next_dagrun for fraud_model_training to None, run_after=None
[2025-11-17T20:53:44.869+0000] {processor.py:183} INFO - Processing /opt/airflow/dags/fraud_training_dag.py took 0.061 seconds
[2025-11-17T20:54:15.079+0000] {processor.py:161} INFO - Started process (PID=285) to work on /opt/airflow/dags/fraud_training_dag.py
[2025-11-17T20:54:15.080+0000] {processor.py:830} INFO - Processing file /opt/airflow/dags/fraud_training_dag.py for tasks to queue
[2025-11-17T20:54:15.081+0000] {logging_mixin.py:188} INFO - [2025-11-17T20:54:15.081+0000] {dagbag.py:538} INFO - Filling up the DagBag from /opt/airflow/dags/fraud_training_dag.py
[2025-11-17T20:54:15.095+0000] {processor.py:840} INFO - DAG(s) 'fraud_model_training' retrieved from /opt/airflow/dags/fraud_training_dag.py
[2025-11-17T20:54:15.116+0000] {logging_mixin.py:188} INFO - [2025-11-17T20:54:15.116+0000] {dag.py:3033} INFO - Sync 1 DAGs
[2025-11-17T20:54:15.122+0000] {logging_mixin.py:188} INFO - [2025-11-17T20:54:15.122+0000] {dag.py:3820} INFO - Setting next_dagrun for fraud_model_training to None, run_after=None
[2025-11-17T20:54:15.132+0000] {processor.py:183} INFO - Processing /opt/airflow/dags/fraud_training_dag.py took 0.058 seconds
[2025-11-17T20:54:45.327+0000] {processor.py:161} INFO - Started process (PID=287) to work on /opt/airflow/dags/fraud_training_dag.py
[2025-11-17T20:54:45.328+0000] {processor.py:830} INFO - Processing file /opt/airflow/dags/fraud_training_dag.py for tasks to queue
[2025-11-17T20:54:45.329+0000] {logging_mixin.py:188} INFO - [2025-11-17T20:54:45.328+0000] {dagbag.py:538} INFO - Filling up the DagBag from /opt/airflow/dags/fraud_training_dag.py
[2025-11-17T20:54:45.335+0000] {processor.py:840} INFO - DAG(s) 'fraud_model_training' retrieved from /opt/airflow/dags/fraud_training_dag.py
[2025-11-17T20:54:45.347+0000] {logging_mixin.py:188} INFO - [2025-11-17T20:54:45.346+0000] {dag.py:3033} INFO - Sync 1 DAGs
[2025-11-17T20:54:45.352+0000] {logging_mixin.py:188} INFO - [2025-11-17T20:54:45.352+0000] {dag.py:3820} INFO - Setting next_dagrun for fraud_model_training to None, run_after=None
[2025-11-17T20:54:45.364+0000] {processor.py:183} INFO - Processing /opt/airflow/dags/fraud_training_dag.py took 0.038 seconds
[2025-11-17T20:55:15.604+0000] {processor.py:161} INFO - Started process (PID=289) to work on /opt/airflow/dags/fraud_training_dag.py
[2025-11-17T20:55:15.605+0000] {processor.py:830} INFO - Processing file /opt/airflow/dags/fraud_training_dag.py for tasks to queue
[2025-11-17T20:55:15.606+0000] {logging_mixin.py:188} INFO - [2025-11-17T20:55:15.606+0000] {dagbag.py:538} INFO - Filling up the DagBag from /opt/airflow/dags/fraud_training_dag.py
[2025-11-17T20:55:15.620+0000] {processor.py:840} INFO - DAG(s) 'fraud_model_training' retrieved from /opt/airflow/dags/fraud_training_dag.py
[2025-11-17T20:55:15.643+0000] {logging_mixin.py:188} INFO - [2025-11-17T20:55:15.643+0000] {dag.py:3033} INFO - Sync 1 DAGs
[2025-11-17T20:55:15.651+0000] {logging_mixin.py:188} INFO - [2025-11-17T20:55:15.651+0000] {dag.py:3820} INFO - Setting next_dagrun for fraud_model_training to None, run_after=None
[2025-11-17T20:55:15.662+0000] {processor.py:183} INFO - Processing /opt/airflow/dags/fraud_training_dag.py took 0.061 seconds
[2025-11-17T20:55:45.880+0000] {processor.py:161} INFO - Started process (PID=291) to work on /opt/airflow/dags/fraud_training_dag.py
[2025-11-17T20:55:45.881+0000] {processor.py:830} INFO - Processing file /opt/airflow/dags/fraud_training_dag.py for tasks to queue
[2025-11-17T20:55:45.881+0000] {logging_mixin.py:188} INFO - [2025-11-17T20:55:45.881+0000] {dagbag.py:538} INFO - Filling up the DagBag from /opt/airflow/dags/fraud_training_dag.py
[2025-11-17T20:55:45.888+0000] {processor.py:840} INFO - DAG(s) 'fraud_model_training' retrieved from /opt/airflow/dags/fraud_training_dag.py
[2025-11-17T20:55:45.901+0000] {logging_mixin.py:188} INFO - [2025-11-17T20:55:45.901+0000] {dag.py:3033} INFO - Sync 1 DAGs
[2025-11-17T20:55:45.907+0000] {logging_mixin.py:188} INFO - [2025-11-17T20:55:45.907+0000] {dag.py:3820} INFO - Setting next_dagrun for fraud_model_training to None, run_after=None
[2025-11-17T20:55:45.918+0000] {processor.py:183} INFO - Processing /opt/airflow/dags/fraud_training_dag.py took 0.040 seconds
[2025-11-17T20:56:16.124+0000] {processor.py:161} INFO - Started process (PID=293) to work on /opt/airflow/dags/fraud_training_dag.py
[2025-11-17T20:56:16.126+0000] {processor.py:830} INFO - Processing file /opt/airflow/dags/fraud_training_dag.py for tasks to queue
[2025-11-17T20:56:16.127+0000] {logging_mixin.py:188} INFO - [2025-11-17T20:56:16.126+0000] {dagbag.py:538} INFO - Filling up the DagBag from /opt/airflow/dags/fraud_training_dag.py
[2025-11-17T20:56:16.139+0000] {processor.py:840} INFO - DAG(s) 'fraud_model_training' retrieved from /opt/airflow/dags/fraud_training_dag.py
[2025-11-17T20:56:16.158+0000] {logging_mixin.py:188} INFO - [2025-11-17T20:56:16.157+0000] {dag.py:3033} INFO - Sync 1 DAGs
[2025-11-17T20:56:16.163+0000] {logging_mixin.py:188} INFO - [2025-11-17T20:56:16.163+0000] {dag.py:3820} INFO - Setting next_dagrun for fraud_model_training to None, run_after=None
[2025-11-17T20:56:16.173+0000] {processor.py:183} INFO - Processing /opt/airflow/dags/fraud_training_dag.py took 0.053 seconds
[2025-11-17T20:56:46.425+0000] {processor.py:161} INFO - Started process (PID=295) to work on /opt/airflow/dags/fraud_training_dag.py
[2025-11-17T20:56:46.427+0000] {processor.py:830} INFO - Processing file /opt/airflow/dags/fraud_training_dag.py for tasks to queue
[2025-11-17T20:56:46.428+0000] {logging_mixin.py:188} INFO - [2025-11-17T20:56:46.427+0000] {dagbag.py:538} INFO - Filling up the DagBag from /opt/airflow/dags/fraud_training_dag.py
[2025-11-17T20:56:46.440+0000] {processor.py:840} INFO - DAG(s) 'fraud_model_training' retrieved from /opt/airflow/dags/fraud_training_dag.py
[2025-11-17T20:56:46.459+0000] {logging_mixin.py:188} INFO - [2025-11-17T20:56:46.459+0000] {dag.py:3033} INFO - Sync 1 DAGs
[2025-11-17T20:56:46.465+0000] {logging_mixin.py:188} INFO - [2025-11-17T20:56:46.465+0000] {dag.py:3820} INFO - Setting next_dagrun for fraud_model_training to None, run_after=None
[2025-11-17T20:56:46.475+0000] {processor.py:183} INFO - Processing /opt/airflow/dags/fraud_training_dag.py took 0.054 seconds
[2025-11-17T20:57:16.688+0000] {processor.py:161} INFO - Started process (PID=297) to work on /opt/airflow/dags/fraud_training_dag.py
[2025-11-17T20:57:16.689+0000] {processor.py:830} INFO - Processing file /opt/airflow/dags/fraud_training_dag.py for tasks to queue
[2025-11-17T20:57:16.690+0000] {logging_mixin.py:188} INFO - [2025-11-17T20:57:16.690+0000] {dagbag.py:538} INFO - Filling up the DagBag from /opt/airflow/dags/fraud_training_dag.py
[2025-11-17T20:57:16.702+0000] {processor.py:840} INFO - DAG(s) 'fraud_model_training' retrieved from /opt/airflow/dags/fraud_training_dag.py
[2025-11-17T20:57:16.721+0000] {logging_mixin.py:188} INFO - [2025-11-17T20:57:16.721+0000] {dag.py:3033} INFO - Sync 1 DAGs
[2025-11-17T20:57:16.726+0000] {logging_mixin.py:188} INFO - [2025-11-17T20:57:16.726+0000] {dag.py:3820} INFO - Setting next_dagrun for fraud_model_training to None, run_after=None
[2025-11-17T20:57:16.736+0000] {processor.py:183} INFO - Processing /opt/airflow/dags/fraud_training_dag.py took 0.052 seconds
[2025-11-17T20:57:46.947+0000] {processor.py:161} INFO - Started process (PID=299) to work on /opt/airflow/dags/fraud_training_dag.py
[2025-11-17T20:57:46.948+0000] {processor.py:830} INFO - Processing file /opt/airflow/dags/fraud_training_dag.py for tasks to queue
[2025-11-17T20:57:46.949+0000] {logging_mixin.py:188} INFO - [2025-11-17T20:57:46.948+0000] {dagbag.py:538} INFO - Filling up the DagBag from /opt/airflow/dags/fraud_training_dag.py
[2025-11-17T20:57:46.958+0000] {processor.py:840} INFO - DAG(s) 'fraud_model_training' retrieved from /opt/airflow/dags/fraud_training_dag.py
[2025-11-17T20:57:46.975+0000] {logging_mixin.py:188} INFO - [2025-11-17T20:57:46.975+0000] {dag.py:3033} INFO - Sync 1 DAGs
[2025-11-17T20:57:46.982+0000] {logging_mixin.py:188} INFO - [2025-11-17T20:57:46.982+0000] {dag.py:3820} INFO - Setting next_dagrun for fraud_model_training to None, run_after=None
[2025-11-17T20:57:46.994+0000] {processor.py:183} INFO - Processing /opt/airflow/dags/fraud_training_dag.py took 0.050 seconds
[2025-11-17T20:58:17.234+0000] {processor.py:161} INFO - Started process (PID=301) to work on /opt/airflow/dags/fraud_training_dag.py
[2025-11-17T20:58:17.236+0000] {processor.py:830} INFO - Processing file /opt/airflow/dags/fraud_training_dag.py for tasks to queue
[2025-11-17T20:58:17.237+0000] {logging_mixin.py:188} INFO - [2025-11-17T20:58:17.236+0000] {dagbag.py:538} INFO - Filling up the DagBag from /opt/airflow/dags/fraud_training_dag.py
[2025-11-17T20:58:17.251+0000] {processor.py:840} INFO - DAG(s) 'fraud_model_training' retrieved from /opt/airflow/dags/fraud_training_dag.py
[2025-11-17T20:58:17.273+0000] {logging_mixin.py:188} INFO - [2025-11-17T20:58:17.273+0000] {dag.py:3033} INFO - Sync 1 DAGs
[2025-11-17T20:58:17.278+0000] {logging_mixin.py:188} INFO - [2025-11-17T20:58:17.278+0000] {dag.py:3820} INFO - Setting next_dagrun for fraud_model_training to None, run_after=None
[2025-11-17T20:58:17.289+0000] {processor.py:183} INFO - Processing /opt/airflow/dags/fraud_training_dag.py took 0.060 seconds
[2025-11-17T20:58:47.534+0000] {processor.py:161} INFO - Started process (PID=303) to work on /opt/airflow/dags/fraud_training_dag.py
[2025-11-17T20:58:47.535+0000] {processor.py:830} INFO - Processing file /opt/airflow/dags/fraud_training_dag.py for tasks to queue
[2025-11-17T20:58:47.536+0000] {logging_mixin.py:188} INFO - [2025-11-17T20:58:47.536+0000] {dagbag.py:538} INFO - Filling up the DagBag from /opt/airflow/dags/fraud_training_dag.py
[2025-11-17T20:58:47.548+0000] {processor.py:840} INFO - DAG(s) 'fraud_model_training' retrieved from /opt/airflow/dags/fraud_training_dag.py
[2025-11-17T20:58:47.566+0000] {logging_mixin.py:188} INFO - [2025-11-17T20:58:47.566+0000] {dag.py:3033} INFO - Sync 1 DAGs
[2025-11-17T20:58:47.573+0000] {logging_mixin.py:188} INFO - [2025-11-17T20:58:47.573+0000] {dag.py:3820} INFO - Setting next_dagrun for fraud_model_training to None, run_after=None
[2025-11-17T20:58:47.584+0000] {processor.py:183} INFO - Processing /opt/airflow/dags/fraud_training_dag.py took 0.054 seconds
[2025-11-17T20:59:17.760+0000] {processor.py:161} INFO - Started process (PID=305) to work on /opt/airflow/dags/fraud_training_dag.py
[2025-11-17T20:59:17.760+0000] {processor.py:830} INFO - Processing file /opt/airflow/dags/fraud_training_dag.py for tasks to queue
[2025-11-17T20:59:17.761+0000] {logging_mixin.py:188} INFO - [2025-11-17T20:59:17.761+0000] {dagbag.py:538} INFO - Filling up the DagBag from /opt/airflow/dags/fraud_training_dag.py
[2025-11-17T20:59:17.768+0000] {processor.py:840} INFO - DAG(s) 'fraud_model_training' retrieved from /opt/airflow/dags/fraud_training_dag.py
[2025-11-17T20:59:17.781+0000] {logging_mixin.py:188} INFO - [2025-11-17T20:59:17.781+0000] {dag.py:3033} INFO - Sync 1 DAGs
[2025-11-17T20:59:17.787+0000] {logging_mixin.py:188} INFO - [2025-11-17T20:59:17.787+0000] {dag.py:3820} INFO - Setting next_dagrun for fraud_model_training to None, run_after=None
[2025-11-17T20:59:17.797+0000] {processor.py:183} INFO - Processing /opt/airflow/dags/fraud_training_dag.py took 0.040 seconds
[2025-11-17T20:59:48.018+0000] {processor.py:161} INFO - Started process (PID=307) to work on /opt/airflow/dags/fraud_training_dag.py
[2025-11-17T20:59:48.019+0000] {processor.py:830} INFO - Processing file /opt/airflow/dags/fraud_training_dag.py for tasks to queue
[2025-11-17T20:59:48.021+0000] {logging_mixin.py:188} INFO - [2025-11-17T20:59:48.020+0000] {dagbag.py:538} INFO - Filling up the DagBag from /opt/airflow/dags/fraud_training_dag.py
[2025-11-17T20:59:48.033+0000] {processor.py:840} INFO - DAG(s) 'fraud_model_training' retrieved from /opt/airflow/dags/fraud_training_dag.py
[2025-11-17T20:59:48.056+0000] {logging_mixin.py:188} INFO - [2025-11-17T20:59:48.056+0000] {dag.py:3033} INFO - Sync 1 DAGs
[2025-11-17T20:59:48.062+0000] {logging_mixin.py:188} INFO - [2025-11-17T20:59:48.062+0000] {dag.py:3820} INFO - Setting next_dagrun for fraud_model_training to None, run_after=None
[2025-11-17T20:59:48.073+0000] {processor.py:183} INFO - Processing /opt/airflow/dags/fraud_training_dag.py took 0.059 seconds
[2025-11-17T21:00:18.280+0000] {processor.py:161} INFO - Started process (PID=309) to work on /opt/airflow/dags/fraud_training_dag.py
[2025-11-17T21:00:18.281+0000] {processor.py:830} INFO - Processing file /opt/airflow/dags/fraud_training_dag.py for tasks to queue
[2025-11-17T21:00:18.281+0000] {logging_mixin.py:188} INFO - [2025-11-17T21:00:18.281+0000] {dagbag.py:538} INFO - Filling up the DagBag from /opt/airflow/dags/fraud_training_dag.py
[2025-11-17T21:00:18.288+0000] {processor.py:840} INFO - DAG(s) 'fraud_model_training' retrieved from /opt/airflow/dags/fraud_training_dag.py
[2025-11-17T21:00:18.303+0000] {logging_mixin.py:188} INFO - [2025-11-17T21:00:18.302+0000] {dag.py:3033} INFO - Sync 1 DAGs
[2025-11-17T21:00:18.309+0000] {logging_mixin.py:188} INFO - [2025-11-17T21:00:18.309+0000] {dag.py:3820} INFO - Setting next_dagrun for fraud_model_training to None, run_after=None
[2025-11-17T21:00:18.322+0000] {processor.py:183} INFO - Processing /opt/airflow/dags/fraud_training_dag.py took 0.043 seconds
[2025-11-17T21:00:48.574+0000] {processor.py:161} INFO - Started process (PID=311) to work on /opt/airflow/dags/fraud_training_dag.py
[2025-11-17T21:00:48.575+0000] {processor.py:830} INFO - Processing file /opt/airflow/dags/fraud_training_dag.py for tasks to queue
[2025-11-17T21:00:48.576+0000] {logging_mixin.py:188} INFO - [2025-11-17T21:00:48.576+0000] {dagbag.py:538} INFO - Filling up the DagBag from /opt/airflow/dags/fraud_training_dag.py
[2025-11-17T21:00:48.591+0000] {processor.py:840} INFO - DAG(s) 'fraud_model_training' retrieved from /opt/airflow/dags/fraud_training_dag.py
[2025-11-17T21:00:48.613+0000] {logging_mixin.py:188} INFO - [2025-11-17T21:00:48.613+0000] {dag.py:3033} INFO - Sync 1 DAGs
[2025-11-17T21:00:48.619+0000] {logging_mixin.py:188} INFO - [2025-11-17T21:00:48.619+0000] {dag.py:3820} INFO - Setting next_dagrun for fraud_model_training to None, run_after=None
[2025-11-17T21:00:48.631+0000] {processor.py:183} INFO - Processing /opt/airflow/dags/fraud_training_dag.py took 0.061 seconds
[2025-11-17T21:01:18.817+0000] {processor.py:161} INFO - Started process (PID=313) to work on /opt/airflow/dags/fraud_training_dag.py
[2025-11-17T21:01:18.818+0000] {processor.py:830} INFO - Processing file /opt/airflow/dags/fraud_training_dag.py for tasks to queue
[2025-11-17T21:01:18.819+0000] {logging_mixin.py:188} INFO - [2025-11-17T21:01:18.819+0000] {dagbag.py:538} INFO - Filling up the DagBag from /opt/airflow/dags/fraud_training_dag.py
[2025-11-17T21:01:18.831+0000] {processor.py:840} INFO - DAG(s) 'fraud_model_training' retrieved from /opt/airflow/dags/fraud_training_dag.py
[2025-11-17T21:01:18.851+0000] {logging_mixin.py:188} INFO - [2025-11-17T21:01:18.851+0000] {dag.py:3033} INFO - Sync 1 DAGs
[2025-11-17T21:01:18.857+0000] {logging_mixin.py:188} INFO - [2025-11-17T21:01:18.857+0000] {dag.py:3820} INFO - Setting next_dagrun for fraud_model_training to None, run_after=None
[2025-11-17T21:01:18.866+0000] {processor.py:183} INFO - Processing /opt/airflow/dags/fraud_training_dag.py took 0.053 seconds
[2025-11-17T21:01:48.998+0000] {processor.py:161} INFO - Started process (PID=315) to work on /opt/airflow/dags/fraud_training_dag.py
[2025-11-17T21:01:48.998+0000] {processor.py:830} INFO - Processing file /opt/airflow/dags/fraud_training_dag.py for tasks to queue
[2025-11-17T21:01:48.999+0000] {logging_mixin.py:188} INFO - [2025-11-17T21:01:48.999+0000] {dagbag.py:538} INFO - Filling up the DagBag from /opt/airflow/dags/fraud_training_dag.py
[2025-11-17T21:01:49.004+0000] {processor.py:840} INFO - DAG(s) 'fraud_model_training' retrieved from /opt/airflow/dags/fraud_training_dag.py
[2025-11-17T21:01:49.016+0000] {logging_mixin.py:188} INFO - [2025-11-17T21:01:49.016+0000] {dag.py:3033} INFO - Sync 1 DAGs
[2025-11-17T21:01:49.021+0000] {logging_mixin.py:188} INFO - [2025-11-17T21:01:49.021+0000] {dag.py:3820} INFO - Setting next_dagrun for fraud_model_training to None, run_after=None
[2025-11-17T21:01:49.032+0000] {processor.py:183} INFO - Processing /opt/airflow/dags/fraud_training_dag.py took 0.037 seconds
[2025-11-17T21:02:19.263+0000] {processor.py:161} INFO - Started process (PID=317) to work on /opt/airflow/dags/fraud_training_dag.py
[2025-11-17T21:02:19.263+0000] {processor.py:830} INFO - Processing file /opt/airflow/dags/fraud_training_dag.py for tasks to queue
[2025-11-17T21:02:19.264+0000] {logging_mixin.py:188} INFO - [2025-11-17T21:02:19.264+0000] {dagbag.py:538} INFO - Filling up the DagBag from /opt/airflow/dags/fraud_training_dag.py
[2025-11-17T21:02:19.270+0000] {processor.py:840} INFO - DAG(s) 'fraud_model_training' retrieved from /opt/airflow/dags/fraud_training_dag.py
[2025-11-17T21:02:19.281+0000] {logging_mixin.py:188} INFO - [2025-11-17T21:02:19.281+0000] {dag.py:3033} INFO - Sync 1 DAGs
[2025-11-17T21:02:19.286+0000] {logging_mixin.py:188} INFO - [2025-11-17T21:02:19.286+0000] {dag.py:3820} INFO - Setting next_dagrun for fraud_model_training to None, run_after=None
[2025-11-17T21:02:19.297+0000] {processor.py:183} INFO - Processing /opt/airflow/dags/fraud_training_dag.py took 0.036 seconds
[2025-11-17T21:02:49.505+0000] {processor.py:161} INFO - Started process (PID=319) to work on /opt/airflow/dags/fraud_training_dag.py
[2025-11-17T21:02:49.506+0000] {processor.py:830} INFO - Processing file /opt/airflow/dags/fraud_training_dag.py for tasks to queue
[2025-11-17T21:02:49.507+0000] {logging_mixin.py:188} INFO - [2025-11-17T21:02:49.507+0000] {dagbag.py:538} INFO - Filling up the DagBag from /opt/airflow/dags/fraud_training_dag.py
[2025-11-17T21:02:49.519+0000] {processor.py:840} INFO - DAG(s) 'fraud_model_training' retrieved from /opt/airflow/dags/fraud_training_dag.py
[2025-11-17T21:02:49.545+0000] {logging_mixin.py:188} INFO - [2025-11-17T21:02:49.545+0000] {dag.py:3033} INFO - Sync 1 DAGs
[2025-11-17T21:02:49.554+0000] {logging_mixin.py:188} INFO - [2025-11-17T21:02:49.554+0000] {dag.py:3820} INFO - Setting next_dagrun for fraud_model_training to None, run_after=None
[2025-11-17T21:02:49.565+0000] {processor.py:183} INFO - Processing /opt/airflow/dags/fraud_training_dag.py took 0.064 seconds
[2025-11-17T21:03:19.745+0000] {processor.py:161} INFO - Started process (PID=321) to work on /opt/airflow/dags/fraud_training_dag.py
[2025-11-17T21:03:19.747+0000] {processor.py:830} INFO - Processing file /opt/airflow/dags/fraud_training_dag.py for tasks to queue
[2025-11-17T21:03:19.748+0000] {logging_mixin.py:188} INFO - [2025-11-17T21:03:19.748+0000] {dagbag.py:538} INFO - Filling up the DagBag from /opt/airflow/dags/fraud_training_dag.py
[2025-11-17T21:03:19.759+0000] {processor.py:840} INFO - DAG(s) 'fraud_model_training' retrieved from /opt/airflow/dags/fraud_training_dag.py
[2025-11-17T21:03:19.782+0000] {logging_mixin.py:188} INFO - [2025-11-17T21:03:19.782+0000] {dag.py:3033} INFO - Sync 1 DAGs
[2025-11-17T21:03:19.790+0000] {logging_mixin.py:188} INFO - [2025-11-17T21:03:19.790+0000] {dag.py:3820} INFO - Setting next_dagrun for fraud_model_training to None, run_after=None
[2025-11-17T21:03:19.801+0000] {processor.py:183} INFO - Processing /opt/airflow/dags/fraud_training_dag.py took 0.059 seconds
[2025-11-17T21:03:50.020+0000] {processor.py:161} INFO - Started process (PID=323) to work on /opt/airflow/dags/fraud_training_dag.py
[2025-11-17T21:03:50.021+0000] {processor.py:830} INFO - Processing file /opt/airflow/dags/fraud_training_dag.py for tasks to queue
[2025-11-17T21:03:50.022+0000] {logging_mixin.py:188} INFO - [2025-11-17T21:03:50.022+0000] {dagbag.py:538} INFO - Filling up the DagBag from /opt/airflow/dags/fraud_training_dag.py
[2025-11-17T21:03:50.033+0000] {processor.py:840} INFO - DAG(s) 'fraud_model_training' retrieved from /opt/airflow/dags/fraud_training_dag.py
[2025-11-17T21:03:50.056+0000] {logging_mixin.py:188} INFO - [2025-11-17T21:03:50.056+0000] {dag.py:3033} INFO - Sync 1 DAGs
[2025-11-17T21:03:50.063+0000] {logging_mixin.py:188} INFO - [2025-11-17T21:03:50.063+0000] {dag.py:3820} INFO - Setting next_dagrun for fraud_model_training to None, run_after=None
[2025-11-17T21:03:50.074+0000] {processor.py:183} INFO - Processing /opt/airflow/dags/fraud_training_dag.py took 0.057 seconds
[2025-11-17T21:04:20.289+0000] {processor.py:161} INFO - Started process (PID=325) to work on /opt/airflow/dags/fraud_training_dag.py
[2025-11-17T21:04:20.290+0000] {processor.py:830} INFO - Processing file /opt/airflow/dags/fraud_training_dag.py for tasks to queue
[2025-11-17T21:04:20.291+0000] {logging_mixin.py:188} INFO - [2025-11-17T21:04:20.290+0000] {dagbag.py:538} INFO - Filling up the DagBag from /opt/airflow/dags/fraud_training_dag.py
[2025-11-17T21:04:20.297+0000] {processor.py:840} INFO - DAG(s) 'fraud_model_training' retrieved from /opt/airflow/dags/fraud_training_dag.py
[2025-11-17T21:04:20.310+0000] {logging_mixin.py:188} INFO - [2025-11-17T21:04:20.310+0000] {dag.py:3033} INFO - Sync 1 DAGs
[2025-11-17T21:04:20.316+0000] {logging_mixin.py:188} INFO - [2025-11-17T21:04:20.316+0000] {dag.py:3820} INFO - Setting next_dagrun for fraud_model_training to None, run_after=None
[2025-11-17T21:04:20.326+0000] {processor.py:183} INFO - Processing /opt/airflow/dags/fraud_training_dag.py took 0.039 seconds
[2025-11-17T21:04:50.568+0000] {processor.py:161} INFO - Started process (PID=327) to work on /opt/airflow/dags/fraud_training_dag.py
[2025-11-17T21:04:50.569+0000] {processor.py:830} INFO - Processing file /opt/airflow/dags/fraud_training_dag.py for tasks to queue
[2025-11-17T21:04:50.570+0000] {logging_mixin.py:188} INFO - [2025-11-17T21:04:50.570+0000] {dagbag.py:538} INFO - Filling up the DagBag from /opt/airflow/dags/fraud_training_dag.py
[2025-11-17T21:04:50.588+0000] {processor.py:840} INFO - DAG(s) 'fraud_model_training' retrieved from /opt/airflow/dags/fraud_training_dag.py
[2025-11-17T21:04:50.612+0000] {logging_mixin.py:188} INFO - [2025-11-17T21:04:50.612+0000] {dag.py:3033} INFO - Sync 1 DAGs
[2025-11-17T21:04:50.618+0000] {logging_mixin.py:188} INFO - [2025-11-17T21:04:50.618+0000] {dag.py:3820} INFO - Setting next_dagrun for fraud_model_training to None, run_after=None
[2025-11-17T21:04:50.629+0000] {processor.py:183} INFO - Processing /opt/airflow/dags/fraud_training_dag.py took 0.066 seconds
[2025-11-17T21:05:20.854+0000] {processor.py:161} INFO - Started process (PID=329) to work on /opt/airflow/dags/fraud_training_dag.py
[2025-11-17T21:05:20.855+0000] {processor.py:830} INFO - Processing file /opt/airflow/dags/fraud_training_dag.py for tasks to queue
[2025-11-17T21:05:20.856+0000] {logging_mixin.py:188} INFO - [2025-11-17T21:05:20.856+0000] {dagbag.py:538} INFO - Filling up the DagBag from /opt/airflow/dags/fraud_training_dag.py
[2025-11-17T21:05:20.868+0000] {processor.py:840} INFO - DAG(s) 'fraud_model_training' retrieved from /opt/airflow/dags/fraud_training_dag.py
[2025-11-17T21:05:20.887+0000] {logging_mixin.py:188} INFO - [2025-11-17T21:05:20.887+0000] {dag.py:3033} INFO - Sync 1 DAGs
[2025-11-17T21:05:20.892+0000] {logging_mixin.py:188} INFO - [2025-11-17T21:05:20.892+0000] {dag.py:3820} INFO - Setting next_dagrun for fraud_model_training to None, run_after=None
[2025-11-17T21:05:20.902+0000] {processor.py:183} INFO - Processing /opt/airflow/dags/fraud_training_dag.py took 0.052 seconds
[2025-11-17T21:05:51.108+0000] {processor.py:161} INFO - Started process (PID=331) to work on /opt/airflow/dags/fraud_training_dag.py
[2025-11-17T21:05:51.109+0000] {processor.py:830} INFO - Processing file /opt/airflow/dags/fraud_training_dag.py for tasks to queue
[2025-11-17T21:05:51.110+0000] {logging_mixin.py:188} INFO - [2025-11-17T21:05:51.109+0000] {dagbag.py:538} INFO - Filling up the DagBag from /opt/airflow/dags/fraud_training_dag.py
[2025-11-17T21:05:51.119+0000] {processor.py:840} INFO - DAG(s) 'fraud_model_training' retrieved from /opt/airflow/dags/fraud_training_dag.py
[2025-11-17T21:05:51.135+0000] {logging_mixin.py:188} INFO - [2025-11-17T21:05:51.135+0000] {dag.py:3033} INFO - Sync 1 DAGs
[2025-11-17T21:05:51.143+0000] {logging_mixin.py:188} INFO - [2025-11-17T21:05:51.143+0000] {dag.py:3820} INFO - Setting next_dagrun for fraud_model_training to None, run_after=None
[2025-11-17T21:05:51.155+0000] {processor.py:183} INFO - Processing /opt/airflow/dags/fraud_training_dag.py took 0.049 seconds
[2025-11-17T21:06:21.405+0000] {processor.py:161} INFO - Started process (PID=333) to work on /opt/airflow/dags/fraud_training_dag.py
[2025-11-17T21:06:21.406+0000] {processor.py:830} INFO - Processing file /opt/airflow/dags/fraud_training_dag.py for tasks to queue
[2025-11-17T21:06:21.407+0000] {logging_mixin.py:188} INFO - [2025-11-17T21:06:21.407+0000] {dagbag.py:538} INFO - Filling up the DagBag from /opt/airflow/dags/fraud_training_dag.py
[2025-11-17T21:06:21.419+0000] {processor.py:840} INFO - DAG(s) 'fraud_model_training' retrieved from /opt/airflow/dags/fraud_training_dag.py
[2025-11-17T21:06:21.439+0000] {logging_mixin.py:188} INFO - [2025-11-17T21:06:21.439+0000] {dag.py:3033} INFO - Sync 1 DAGs
[2025-11-17T21:06:21.446+0000] {logging_mixin.py:188} INFO - [2025-11-17T21:06:21.446+0000] {dag.py:3820} INFO - Setting next_dagrun for fraud_model_training to None, run_after=None
[2025-11-17T21:06:21.456+0000] {processor.py:183} INFO - Processing /opt/airflow/dags/fraud_training_dag.py took 0.055 seconds
[2025-11-17T21:06:51.666+0000] {processor.py:161} INFO - Started process (PID=335) to work on /opt/airflow/dags/fraud_training_dag.py
[2025-11-17T21:06:51.667+0000] {processor.py:830} INFO - Processing file /opt/airflow/dags/fraud_training_dag.py for tasks to queue
[2025-11-17T21:06:51.668+0000] {logging_mixin.py:188} INFO - [2025-11-17T21:06:51.668+0000] {dagbag.py:538} INFO - Filling up the DagBag from /opt/airflow/dags/fraud_training_dag.py
[2025-11-17T21:06:51.679+0000] {processor.py:840} INFO - DAG(s) 'fraud_model_training' retrieved from /opt/airflow/dags/fraud_training_dag.py
[2025-11-17T21:06:51.698+0000] {logging_mixin.py:188} INFO - [2025-11-17T21:06:51.698+0000] {dag.py:3033} INFO - Sync 1 DAGs
[2025-11-17T21:06:51.703+0000] {logging_mixin.py:188} INFO - [2025-11-17T21:06:51.703+0000] {dag.py:3820} INFO - Setting next_dagrun for fraud_model_training to None, run_after=None
[2025-11-17T21:06:51.713+0000] {processor.py:183} INFO - Processing /opt/airflow/dags/fraud_training_dag.py took 0.051 seconds
[2025-11-17T21:07:21.945+0000] {processor.py:161} INFO - Started process (PID=337) to work on /opt/airflow/dags/fraud_training_dag.py
[2025-11-17T21:07:21.946+0000] {processor.py:830} INFO - Processing file /opt/airflow/dags/fraud_training_dag.py for tasks to queue
[2025-11-17T21:07:21.947+0000] {logging_mixin.py:188} INFO - [2025-11-17T21:07:21.946+0000] {dagbag.py:538} INFO - Filling up the DagBag from /opt/airflow/dags/fraud_training_dag.py
[2025-11-17T21:07:21.957+0000] {processor.py:840} INFO - DAG(s) 'fraud_model_training' retrieved from /opt/airflow/dags/fraud_training_dag.py
[2025-11-17T21:07:21.977+0000] {logging_mixin.py:188} INFO - [2025-11-17T21:07:21.977+0000] {dag.py:3033} INFO - Sync 1 DAGs
[2025-11-17T21:07:21.983+0000] {logging_mixin.py:188} INFO - [2025-11-17T21:07:21.983+0000] {dag.py:3820} INFO - Setting next_dagrun for fraud_model_training to None, run_after=None
[2025-11-17T21:07:21.994+0000] {processor.py:183} INFO - Processing /opt/airflow/dags/fraud_training_dag.py took 0.053 seconds
[2025-11-17T21:07:52.106+0000] {processor.py:161} INFO - Started process (PID=339) to work on /opt/airflow/dags/fraud_training_dag.py
[2025-11-17T21:07:52.107+0000] {processor.py:830} INFO - Processing file /opt/airflow/dags/fraud_training_dag.py for tasks to queue
[2025-11-17T21:07:52.108+0000] {logging_mixin.py:188} INFO - [2025-11-17T21:07:52.108+0000] {dagbag.py:538} INFO - Filling up the DagBag from /opt/airflow/dags/fraud_training_dag.py
[2025-11-17T21:07:52.123+0000] {processor.py:840} INFO - DAG(s) 'fraud_model_training' retrieved from /opt/airflow/dags/fraud_training_dag.py
[2025-11-17T21:07:52.144+0000] {logging_mixin.py:188} INFO - [2025-11-17T21:07:52.144+0000] {dag.py:3033} INFO - Sync 1 DAGs
[2025-11-17T21:07:52.149+0000] {logging_mixin.py:188} INFO - [2025-11-17T21:07:52.149+0000] {dag.py:3820} INFO - Setting next_dagrun for fraud_model_training to None, run_after=None
[2025-11-17T21:07:52.159+0000] {processor.py:183} INFO - Processing /opt/airflow/dags/fraud_training_dag.py took 0.059 seconds
[2025-11-17T21:08:22.274+0000] {processor.py:161} INFO - Started process (PID=341) to work on /opt/airflow/dags/fraud_training_dag.py
[2025-11-17T21:08:22.274+0000] {processor.py:830} INFO - Processing file /opt/airflow/dags/fraud_training_dag.py for tasks to queue
[2025-11-17T21:08:22.275+0000] {logging_mixin.py:188} INFO - [2025-11-17T21:08:22.275+0000] {dagbag.py:538} INFO - Filling up the DagBag from /opt/airflow/dags/fraud_training_dag.py
[2025-11-17T21:08:22.281+0000] {processor.py:840} INFO - DAG(s) 'fraud_model_training' retrieved from /opt/airflow/dags/fraud_training_dag.py
[2025-11-17T21:08:22.296+0000] {logging_mixin.py:188} INFO - [2025-11-17T21:08:22.296+0000] {dag.py:3033} INFO - Sync 1 DAGs
[2025-11-17T21:08:22.304+0000] {logging_mixin.py:188} INFO - [2025-11-17T21:08:22.304+0000] {dag.py:3820} INFO - Setting next_dagrun for fraud_model_training to None, run_after=None
[2025-11-17T21:08:22.325+0000] {processor.py:183} INFO - Processing /opt/airflow/dags/fraud_training_dag.py took 0.053 seconds
[2025-11-17T21:08:52.444+0000] {processor.py:161} INFO - Started process (PID=343) to work on /opt/airflow/dags/fraud_training_dag.py
[2025-11-17T21:08:52.445+0000] {processor.py:830} INFO - Processing file /opt/airflow/dags/fraud_training_dag.py for tasks to queue
[2025-11-17T21:08:52.446+0000] {logging_mixin.py:188} INFO - [2025-11-17T21:08:52.446+0000] {dagbag.py:538} INFO - Filling up the DagBag from /opt/airflow/dags/fraud_training_dag.py
[2025-11-17T21:08:52.453+0000] {processor.py:840} INFO - DAG(s) 'fraud_model_training' retrieved from /opt/airflow/dags/fraud_training_dag.py
[2025-11-17T21:08:52.466+0000] {logging_mixin.py:188} INFO - [2025-11-17T21:08:52.466+0000] {dag.py:3033} INFO - Sync 1 DAGs
[2025-11-17T21:08:52.472+0000] {logging_mixin.py:188} INFO - [2025-11-17T21:08:52.472+0000] {dag.py:3820} INFO - Setting next_dagrun for fraud_model_training to None, run_after=None
[2025-11-17T21:08:52.485+0000] {processor.py:183} INFO - Processing /opt/airflow/dags/fraud_training_dag.py took 0.044 seconds
[2025-11-17T21:09:22.628+0000] {processor.py:161} INFO - Started process (PID=345) to work on /opt/airflow/dags/fraud_training_dag.py
[2025-11-17T21:09:22.630+0000] {processor.py:830} INFO - Processing file /opt/airflow/dags/fraud_training_dag.py for tasks to queue
[2025-11-17T21:09:22.631+0000] {logging_mixin.py:188} INFO - [2025-11-17T21:09:22.630+0000] {dagbag.py:538} INFO - Filling up the DagBag from /opt/airflow/dags/fraud_training_dag.py
[2025-11-17T21:09:22.642+0000] {processor.py:840} INFO - DAG(s) 'fraud_model_training' retrieved from /opt/airflow/dags/fraud_training_dag.py
[2025-11-17T21:09:22.663+0000] {logging_mixin.py:188} INFO - [2025-11-17T21:09:22.663+0000] {dag.py:3033} INFO - Sync 1 DAGs
[2025-11-17T21:09:22.670+0000] {logging_mixin.py:188} INFO - [2025-11-17T21:09:22.670+0000] {dag.py:3820} INFO - Setting next_dagrun for fraud_model_training to None, run_after=None
[2025-11-17T21:09:22.681+0000] {processor.py:183} INFO - Processing /opt/airflow/dags/fraud_training_dag.py took 0.056 seconds
[2025-11-17T21:09:52.810+0000] {processor.py:161} INFO - Started process (PID=347) to work on /opt/airflow/dags/fraud_training_dag.py
[2025-11-17T21:09:52.810+0000] {processor.py:830} INFO - Processing file /opt/airflow/dags/fraud_training_dag.py for tasks to queue
[2025-11-17T21:09:52.811+0000] {logging_mixin.py:188} INFO - [2025-11-17T21:09:52.811+0000] {dagbag.py:538} INFO - Filling up the DagBag from /opt/airflow/dags/fraud_training_dag.py
[2025-11-17T21:09:52.816+0000] {processor.py:840} INFO - DAG(s) 'fraud_model_training' retrieved from /opt/airflow/dags/fraud_training_dag.py
[2025-11-17T21:09:52.828+0000] {logging_mixin.py:188} INFO - [2025-11-17T21:09:52.828+0000] {dag.py:3033} INFO - Sync 1 DAGs
[2025-11-17T21:09:52.834+0000] {logging_mixin.py:188} INFO - [2025-11-17T21:09:52.834+0000] {dag.py:3820} INFO - Setting next_dagrun for fraud_model_training to None, run_after=None
[2025-11-17T21:09:52.845+0000] {processor.py:183} INFO - Processing /opt/airflow/dags/fraud_training_dag.py took 0.037 seconds
[2025-11-17T21:10:23.013+0000] {processor.py:161} INFO - Started process (PID=349) to work on /opt/airflow/dags/fraud_training_dag.py
[2025-11-17T21:10:23.015+0000] {processor.py:830} INFO - Processing file /opt/airflow/dags/fraud_training_dag.py for tasks to queue
[2025-11-17T21:10:23.016+0000] {logging_mixin.py:188} INFO - [2025-11-17T21:10:23.015+0000] {dagbag.py:538} INFO - Filling up the DagBag from /opt/airflow/dags/fraud_training_dag.py
[2025-11-17T21:10:23.028+0000] {processor.py:840} INFO - DAG(s) 'fraud_model_training' retrieved from /opt/airflow/dags/fraud_training_dag.py
[2025-11-17T21:10:23.048+0000] {logging_mixin.py:188} INFO - [2025-11-17T21:10:23.048+0000] {dag.py:3033} INFO - Sync 1 DAGs
[2025-11-17T21:10:23.054+0000] {logging_mixin.py:188} INFO - [2025-11-17T21:10:23.054+0000] {dag.py:3820} INFO - Setting next_dagrun for fraud_model_training to None, run_after=None
[2025-11-17T21:10:23.064+0000] {processor.py:183} INFO - Processing /opt/airflow/dags/fraud_training_dag.py took 0.055 seconds
[2025-11-17T21:10:53.202+0000] {processor.py:161} INFO - Started process (PID=351) to work on /opt/airflow/dags/fraud_training_dag.py
[2025-11-17T21:10:53.203+0000] {processor.py:830} INFO - Processing file /opt/airflow/dags/fraud_training_dag.py for tasks to queue
[2025-11-17T21:10:53.204+0000] {logging_mixin.py:188} INFO - [2025-11-17T21:10:53.204+0000] {dagbag.py:538} INFO - Filling up the DagBag from /opt/airflow/dags/fraud_training_dag.py
[2025-11-17T21:10:53.216+0000] {processor.py:840} INFO - DAG(s) 'fraud_model_training' retrieved from /opt/airflow/dags/fraud_training_dag.py
[2025-11-17T21:10:53.233+0000] {logging_mixin.py:188} INFO - [2025-11-17T21:10:53.233+0000] {dag.py:3033} INFO - Sync 1 DAGs
[2025-11-17T21:10:53.239+0000] {logging_mixin.py:188} INFO - [2025-11-17T21:10:53.239+0000] {dag.py:3820} INFO - Setting next_dagrun for fraud_model_training to None, run_after=None
[2025-11-17T21:10:53.247+0000] {processor.py:183} INFO - Processing /opt/airflow/dags/fraud_training_dag.py took 0.049 seconds
[2025-11-17T21:11:23.400+0000] {processor.py:161} INFO - Started process (PID=353) to work on /opt/airflow/dags/fraud_training_dag.py
[2025-11-17T21:11:23.401+0000] {processor.py:830} INFO - Processing file /opt/airflow/dags/fraud_training_dag.py for tasks to queue
[2025-11-17T21:11:23.402+0000] {logging_mixin.py:188} INFO - [2025-11-17T21:11:23.401+0000] {dagbag.py:538} INFO - Filling up the DagBag from /opt/airflow/dags/fraud_training_dag.py
[2025-11-17T21:11:23.415+0000] {processor.py:840} INFO - DAG(s) 'fraud_model_training' retrieved from /opt/airflow/dags/fraud_training_dag.py
[2025-11-17T21:11:23.435+0000] {logging_mixin.py:188} INFO - [2025-11-17T21:11:23.435+0000] {dag.py:3033} INFO - Sync 1 DAGs
[2025-11-17T21:11:23.441+0000] {logging_mixin.py:188} INFO - [2025-11-17T21:11:23.441+0000] {dag.py:3820} INFO - Setting next_dagrun for fraud_model_training to None, run_after=None
[2025-11-17T21:11:23.452+0000] {processor.py:183} INFO - Processing /opt/airflow/dags/fraud_training_dag.py took 0.057 seconds
[2025-11-17T21:11:53.594+0000] {processor.py:161} INFO - Started process (PID=355) to work on /opt/airflow/dags/fraud_training_dag.py
[2025-11-17T21:11:53.596+0000] {processor.py:830} INFO - Processing file /opt/airflow/dags/fraud_training_dag.py for tasks to queue
[2025-11-17T21:11:53.597+0000] {logging_mixin.py:188} INFO - [2025-11-17T21:11:53.596+0000] {dagbag.py:538} INFO - Filling up the DagBag from /opt/airflow/dags/fraud_training_dag.py
[2025-11-17T21:11:53.609+0000] {processor.py:840} INFO - DAG(s) 'fraud_model_training' retrieved from /opt/airflow/dags/fraud_training_dag.py
[2025-11-17T21:11:53.628+0000] {logging_mixin.py:188} INFO - [2025-11-17T21:11:53.628+0000] {dag.py:3033} INFO - Sync 1 DAGs
[2025-11-17T21:11:53.633+0000] {logging_mixin.py:188} INFO - [2025-11-17T21:11:53.633+0000] {dag.py:3820} INFO - Setting next_dagrun for fraud_model_training to None, run_after=None
[2025-11-17T21:11:53.643+0000] {processor.py:183} INFO - Processing /opt/airflow/dags/fraud_training_dag.py took 0.053 seconds
[2025-11-17T21:12:23.788+0000] {processor.py:161} INFO - Started process (PID=357) to work on /opt/airflow/dags/fraud_training_dag.py
[2025-11-17T21:12:23.790+0000] {processor.py:830} INFO - Processing file /opt/airflow/dags/fraud_training_dag.py for tasks to queue
[2025-11-17T21:12:23.790+0000] {logging_mixin.py:188} INFO - [2025-11-17T21:12:23.790+0000] {dagbag.py:538} INFO - Filling up the DagBag from /opt/airflow/dags/fraud_training_dag.py
[2025-11-17T21:12:23.803+0000] {processor.py:840} INFO - DAG(s) 'fraud_model_training' retrieved from /opt/airflow/dags/fraud_training_dag.py
[2025-11-17T21:12:23.821+0000] {logging_mixin.py:188} INFO - [2025-11-17T21:12:23.821+0000] {dag.py:3033} INFO - Sync 1 DAGs
[2025-11-17T21:12:23.827+0000] {logging_mixin.py:188} INFO - [2025-11-17T21:12:23.826+0000] {dag.py:3820} INFO - Setting next_dagrun for fraud_model_training to None, run_after=None
[2025-11-17T21:12:23.837+0000] {processor.py:183} INFO - Processing /opt/airflow/dags/fraud_training_dag.py took 0.053 seconds
[2025-11-17T21:12:53.973+0000] {processor.py:161} INFO - Started process (PID=359) to work on /opt/airflow/dags/fraud_training_dag.py
[2025-11-17T21:12:53.973+0000] {processor.py:830} INFO - Processing file /opt/airflow/dags/fraud_training_dag.py for tasks to queue
[2025-11-17T21:12:53.974+0000] {logging_mixin.py:188} INFO - [2025-11-17T21:12:53.974+0000] {dagbag.py:538} INFO - Filling up the DagBag from /opt/airflow/dags/fraud_training_dag.py
[2025-11-17T21:12:53.981+0000] {processor.py:840} INFO - DAG(s) 'fraud_model_training' retrieved from /opt/airflow/dags/fraud_training_dag.py
[2025-11-17T21:12:53.996+0000] {logging_mixin.py:188} INFO - [2025-11-17T21:12:53.996+0000] {dag.py:3033} INFO - Sync 1 DAGs
[2025-11-17T21:12:54.002+0000] {logging_mixin.py:188} INFO - [2025-11-17T21:12:54.002+0000] {dag.py:3820} INFO - Setting next_dagrun for fraud_model_training to None, run_after=None
[2025-11-17T21:12:54.014+0000] {processor.py:183} INFO - Processing /opt/airflow/dags/fraud_training_dag.py took 0.043 seconds
[2025-11-17T21:13:01.492+0000] {processor.py:161} INFO - Started process (PID=361) to work on /opt/airflow/dags/fraud_training_dag.py
[2025-11-17T21:13:01.492+0000] {processor.py:830} INFO - Processing file /opt/airflow/dags/fraud_training_dag.py for tasks to queue
[2025-11-17T21:13:01.493+0000] {logging_mixin.py:188} INFO - [2025-11-17T21:13:01.493+0000] {dagbag.py:538} INFO - Filling up the DagBag from /opt/airflow/dags/fraud_training_dag.py
[2025-11-17T21:13:01.507+0000] {processor.py:840} INFO - DAG(s) 'fraud_model_training' retrieved from /opt/airflow/dags/fraud_training_dag.py
[2025-11-17T21:13:01.566+0000] {logging_mixin.py:188} INFO - [2025-11-17T21:13:01.566+0000] {dag.py:3033} INFO - Sync 1 DAGs
[2025-11-17T21:13:01.575+0000] {logging_mixin.py:188} INFO - [2025-11-17T21:13:01.575+0000] {dag.py:3820} INFO - Setting next_dagrun for fraud_model_training to 2025-11-16T02:00:00+00:00, run_after=2025-11-17T02:00:00+00:00
[2025-11-17T21:13:01.586+0000] {processor.py:183} INFO - Processing /opt/airflow/dags/fraud_training_dag.py took 0.097 seconds
[2025-11-17T21:13:32.340+0000] {processor.py:161} INFO - Started process (PID=431) to work on /opt/airflow/dags/fraud_training_dag.py
[2025-11-17T21:13:32.341+0000] {processor.py:830} INFO - Processing file /opt/airflow/dags/fraud_training_dag.py for tasks to queue
[2025-11-17T21:13:32.341+0000] {logging_mixin.py:188} INFO - [2025-11-17T21:13:32.341+0000] {dagbag.py:538} INFO - Filling up the DagBag from /opt/airflow/dags/fraud_training_dag.py
[2025-11-17T21:13:32.348+0000] {processor.py:840} INFO - DAG(s) 'fraud_model_training' retrieved from /opt/airflow/dags/fraud_training_dag.py
[2025-11-17T21:13:32.363+0000] {logging_mixin.py:188} INFO - [2025-11-17T21:13:32.363+0000] {dag.py:3033} INFO - Sync 1 DAGs
[2025-11-17T21:13:32.374+0000] {logging_mixin.py:188} INFO - [2025-11-17T21:13:32.374+0000] {dag.py:3820} INFO - Setting next_dagrun for fraud_model_training to 2025-11-17T02:00:00+00:00, run_after=2025-11-18T02:00:00+00:00
[2025-11-17T21:13:32.385+0000] {processor.py:183} INFO - Processing /opt/airflow/dags/fraud_training_dag.py took 0.047 seconds
[2025-11-17T21:14:02.606+0000] {processor.py:161} INFO - Started process (PID=433) to work on /opt/airflow/dags/fraud_training_dag.py
[2025-11-17T21:14:02.607+0000] {processor.py:830} INFO - Processing file /opt/airflow/dags/fraud_training_dag.py for tasks to queue
[2025-11-17T21:14:02.609+0000] {logging_mixin.py:188} INFO - [2025-11-17T21:14:02.608+0000] {dagbag.py:538} INFO - Filling up the DagBag from /opt/airflow/dags/fraud_training_dag.py
[2025-11-17T21:14:02.619+0000] {processor.py:840} INFO - DAG(s) 'fraud_model_training' retrieved from /opt/airflow/dags/fraud_training_dag.py
[2025-11-17T21:14:02.634+0000] {logging_mixin.py:188} INFO - [2025-11-17T21:14:02.634+0000] {dag.py:3033} INFO - Sync 1 DAGs
[2025-11-17T21:14:02.646+0000] {logging_mixin.py:188} INFO - [2025-11-17T21:14:02.645+0000] {dag.py:3820} INFO - Setting next_dagrun for fraud_model_training to 2025-11-17T02:00:00+00:00, run_after=2025-11-18T02:00:00+00:00
[2025-11-17T21:14:02.655+0000] {processor.py:183} INFO - Processing /opt/airflow/dags/fraud_training_dag.py took 0.054 seconds
[2025-11-17T21:14:32.949+0000] {processor.py:161} INFO - Started process (PID=435) to work on /opt/airflow/dags/fraud_training_dag.py
[2025-11-17T21:14:32.951+0000] {processor.py:830} INFO - Processing file /opt/airflow/dags/fraud_training_dag.py for tasks to queue
[2025-11-17T21:14:32.953+0000] {logging_mixin.py:188} INFO - [2025-11-17T21:14:32.952+0000] {dagbag.py:538} INFO - Filling up the DagBag from /opt/airflow/dags/fraud_training_dag.py
[2025-11-17T21:14:32.970+0000] {processor.py:840} INFO - DAG(s) 'fraud_model_training' retrieved from /opt/airflow/dags/fraud_training_dag.py
[2025-11-17T21:14:32.993+0000] {logging_mixin.py:188} INFO - [2025-11-17T21:14:32.993+0000] {dag.py:3033} INFO - Sync 1 DAGs
[2025-11-17T21:14:33.003+0000] {logging_mixin.py:188} INFO - [2025-11-17T21:14:33.003+0000] {dag.py:3820} INFO - Setting next_dagrun for fraud_model_training to 2025-11-17T02:00:00+00:00, run_after=2025-11-18T02:00:00+00:00
[2025-11-17T21:14:33.015+0000] {processor.py:183} INFO - Processing /opt/airflow/dags/fraud_training_dag.py took 0.071 seconds
[2025-11-17T21:15:03.244+0000] {processor.py:161} INFO - Started process (PID=437) to work on /opt/airflow/dags/fraud_training_dag.py
[2025-11-17T21:15:03.245+0000] {processor.py:830} INFO - Processing file /opt/airflow/dags/fraud_training_dag.py for tasks to queue
[2025-11-17T21:15:03.247+0000] {logging_mixin.py:188} INFO - [2025-11-17T21:15:03.246+0000] {dagbag.py:538} INFO - Filling up the DagBag from /opt/airflow/dags/fraud_training_dag.py
[2025-11-17T21:15:03.260+0000] {processor.py:840} INFO - DAG(s) 'fraud_model_training' retrieved from /opt/airflow/dags/fraud_training_dag.py
[2025-11-17T21:15:03.280+0000] {logging_mixin.py:188} INFO - [2025-11-17T21:15:03.280+0000] {dag.py:3033} INFO - Sync 1 DAGs
[2025-11-17T21:15:03.290+0000] {logging_mixin.py:188} INFO - [2025-11-17T21:15:03.290+0000] {dag.py:3820} INFO - Setting next_dagrun for fraud_model_training to 2025-11-17T02:00:00+00:00, run_after=2025-11-18T02:00:00+00:00
[2025-11-17T21:15:03.302+0000] {processor.py:183} INFO - Processing /opt/airflow/dags/fraud_training_dag.py took 0.062 seconds
[2025-11-17T21:15:33.549+0000] {processor.py:161} INFO - Started process (PID=439) to work on /opt/airflow/dags/fraud_training_dag.py
[2025-11-17T21:15:33.550+0000] {processor.py:830} INFO - Processing file /opt/airflow/dags/fraud_training_dag.py for tasks to queue
[2025-11-17T21:15:33.550+0000] {logging_mixin.py:188} INFO - [2025-11-17T21:15:33.550+0000] {dagbag.py:538} INFO - Filling up the DagBag from /opt/airflow/dags/fraud_training_dag.py
[2025-11-17T21:15:33.559+0000] {processor.py:840} INFO - DAG(s) 'fraud_model_training' retrieved from /opt/airflow/dags/fraud_training_dag.py
[2025-11-17T21:15:33.572+0000] {logging_mixin.py:188} INFO - [2025-11-17T21:15:33.572+0000] {dag.py:3033} INFO - Sync 1 DAGs
[2025-11-17T21:15:33.583+0000] {logging_mixin.py:188} INFO - [2025-11-17T21:15:33.583+0000] {dag.py:3820} INFO - Setting next_dagrun for fraud_model_training to 2025-11-17T02:00:00+00:00, run_after=2025-11-18T02:00:00+00:00
[2025-11-17T21:15:33.595+0000] {processor.py:183} INFO - Processing /opt/airflow/dags/fraud_training_dag.py took 0.048 seconds
